17-09-12 19:56:33 DEBUG JLog:23 - JavaLoggingTest:sample debug
17-09-12 19:56:33 ERROR JLog:13 - JavaLoggingTest:sample error
17-09-12 19:56:34 INFO  JLog:18 - JavaLoggingTest:sample info
17-09-12 19:56:39 DEBUG JLog:23 - JavaLoggingTest:sample debug
17-09-12 19:56:39 ERROR JLog:13 - JavaLoggingTest:sample error
17-09-12 19:56:39 INFO  JLog:18 - JavaLoggingTest:sample info
17-09-12 19:58:23 DEBUG JLog:23 - JavaLoggingTest:sample debug
17-09-12 19:58:23 ERROR JLog:13 - JavaLoggingTest:sample error
17-09-12 19:58:23 INFO  JLog:18 - JavaLoggingTest:sample info
17-09-12 19:58:28 DEBUG JLog:23 - JavaLoggingTest:sample debug
17-09-12 19:58:28 ERROR JLog:13 - JavaLoggingTest:sample error
17-09-12 19:58:28 INFO  JLog:18 - JavaLoggingTest:sample info
17-09-12 20:02:32 DEBUG JLog:23 - JavaLoggingTest:sample debug
17-09-12 20:02:32 ERROR JLog:13 - JavaLoggingTest:sample error
17-09-12 20:02:32 INFO  JLog:18 - JavaLoggingTest:sample info
17-09-12 20:02:37 DEBUG JLog:23 - JavaLoggingTest:sample debug
17-09-12 20:02:37 ERROR JLog:13 - JavaLoggingTest:sample error
17-09-12 20:02:37 INFO  JLog:18 - JavaLoggingTest:sample info
17-09-12 20:03:24 DEBUG JLog:23 - JavaLoggingTest:sample debug
17-09-12 20:03:24 ERROR JLog:13 - JavaLoggingTest:sample error
17-09-12 20:03:24 INFO  JLog:18 - JavaLoggingTest:sample info
17-09-12 20:03:29 DEBUG JLog:23 - JavaLoggingTest:sample debug
17-09-12 20:03:29 ERROR JLog:13 - JavaLoggingTest:sample error
17-09-12 20:03:29 INFO  JLog:18 - JavaLoggingTest:sample info
17-09-12 20:03:40 INFO  AddnumDrawer:20 - sum :0
17-09-12 20:03:40 INFO  AddnumDrawer:20 - sum :0
17-09-12 20:03:40 INFO  AddnumDrawer:20 - sum :0
17-09-12 20:03:40 INFO  AddnumDrawer:20 - sum :0
17-09-12 20:03:40 INFO  AddnumDrawer:20 - sum :0
17-09-12 20:03:40 INFO  AddnumDrawer:20 - sum :0
17-09-12 20:03:40 INFO  AddnumDrawer:20 - sum :0
17-09-12 20:03:40 INFO  AddnumDrawer:20 - sum :0
17-09-12 20:03:40 INFO  AddnumDrawer:20 - sum :0
17-09-12 20:03:40 INFO  AddnumDrawer:20 - sum :0
17-09-12 20:03:40 INFO  AddnumDrawer:20 - sum :0
17-09-12 20:03:40 INFO  AddnumDrawer:20 - sum :0
17-09-12 20:03:40 INFO  AddnumDrawer:20 - sum :0
17-09-12 20:03:40 INFO  AddnumDrawer:20 - sum :0
17-09-12 20:03:40 INFO  AddnumDrawer:20 - sum :0
17-09-12 20:03:40 INFO  AddnumDrawer:20 - sum :0
17-09-12 20:03:40 INFO  AddnumDrawer:20 - sum :0
17-09-12 20:03:40 INFO  AddnumDrawer:20 - sum :0
17-09-12 20:03:40 INFO  AddnumDrawer:20 - sum :0
17-09-12 20:03:40 INFO  AddnumDrawer:20 - sum :0
17-09-12 20:03:40 INFO  AddnumDrawer:20 - sum :0
17-09-12 20:03:40 INFO  AddnumDrawer:20 - sum :0
17-09-12 20:03:40 INFO  AddnumDrawer:20 - sum :0
17-09-12 20:03:40 INFO  AddnumDrawer:20 - sum :0
17-09-12 20:03:40 INFO  AddnumDrawer:20 - sum :0
17-09-12 20:03:40 INFO  AddnumDrawer:20 - sum :1
17-09-12 20:03:40 INFO  AddnumDrawer:20 - sum :0
17-09-12 20:03:40 INFO  AddnumDrawer:20 - sum :0
17-09-12 20:03:40 INFO  AddnumDrawer:20 - sum :0
17-09-12 20:03:40 INFO  AddnumDrawer:20 - sum :1
17-09-12 20:03:40 INFO  AddnumDrawer:20 - sum :3
17-09-12 20:03:40 INFO  AddnumDrawer:20 - sum :0
17-09-12 20:03:40 INFO  AddnumDrawer:20 - sum :0
17-09-12 20:03:40 INFO  AddnumDrawer:20 - sum :1
17-09-12 20:03:40 INFO  AddnumDrawer:20 - sum :3
17-09-12 20:03:40 INFO  AddnumDrawer:20 - sum :0
17-09-12 20:03:40 INFO  AddnumDrawer:20 - sum :0
17-09-12 20:03:40 INFO  AddnumDrawer:20 - sum :1
17-09-12 20:03:40 INFO  AddnumDrawer:20 - sum :3
17-09-12 20:03:40 INFO  AddnumDrawer:20 - sum :6
17-09-12 20:03:40 INFO  AddnumDrawer:20 - sum :0
17-09-12 20:03:40 INFO  AddnumDrawer:20 - sum :1
17-09-12 20:03:40 INFO  AddnumDrawer:20 - sum :3
17-09-12 20:03:40 INFO  AddnumDrawer:20 - sum :6
17-09-12 20:03:40 INFO  AddnumDrawer:20 - sum :6
17-09-12 20:03:40 INFO  AddnumDrawer:20 - sum :6
17-09-12 20:03:40 INFO  AddnumDrawer:20 - sum :6
17-09-12 20:03:40 INFO  AddnumDrawer:20 - sum :6
17-09-12 20:03:40 INFO  AddnumDrawer:20 - sum :6
17-09-12 20:03:40 INFO  AddnumDrawer:20 - sum :6
17-09-12 20:03:40 INFO  AddnumDrawer:20 - sum :6
17-09-12 20:03:40 INFO  AddnumDrawer:20 - sum :6
17-09-12 20:03:40 INFO  AddnumDrawer:20 - sum :6
17-09-12 20:03:40 INFO  AddnumDrawer:20 - sum :6
17-09-12 20:03:40 INFO  AddnumDrawer:20 - sum :6
17-09-12 20:03:40 INFO  AddnumDrawer:20 - sum :6
17-09-12 20:03:40 INFO  AddnumDrawer:20 - sum :6
17-09-12 20:03:40 INFO  AddnumDrawer:20 - sum :6
17-09-12 20:03:40 INFO  AddnumDrawer:20 - sum :6
17-09-12 20:03:40 INFO  AddnumDrawer:20 - sum :6
17-09-12 20:03:40 INFO  AddnumDrawer:20 - sum :6
17-09-12 20:03:40 INFO  AddnumDrawer:20 - sum :6
17-09-12 20:03:40 INFO  AddnumDrawer:20 - sum :6
17-09-12 20:03:40 INFO  AddnumDrawer:20 - sum :6
17-09-12 20:03:40 INFO  AddnumDrawer:20 - sum :6
17-09-12 20:03:40 INFO  AddnumDrawer:20 - sum :6
17-09-12 20:03:40 INFO  AddnumDrawer:20 - sum :6
17-09-12 20:03:40 INFO  AddnumDrawer:20 - sum :6
17-09-12 20:03:41 INFO  AddnumDrawer:20 - sum :6
17-09-12 20:03:41 INFO  AddnumDrawer:20 - sum :6
17-09-12 20:03:41 INFO  AddnumDrawer:20 - sum :6
17-09-12 20:03:41 INFO  AddnumDrawer:20 - sum :6
17-09-12 20:03:41 INFO  AddnumDrawer:20 - sum :6
17-09-12 20:03:41 INFO  AddnumDrawer:20 - sum :6
17-09-12 20:03:41 INFO  AddnumDrawer:20 - sum :6
17-09-12 20:03:41 INFO  AddnumDrawer:20 - sum :6
17-09-12 20:03:41 INFO  AddnumDrawer:20 - sum :6
17-09-12 20:03:41 INFO  AddnumDrawer:20 - sum :6
17-09-12 20:03:41 INFO  AddnumDrawer:20 - sum :6
17-09-12 20:03:41 INFO  AddnumDrawer:20 - sum :6
17-09-12 20:03:41 INFO  AddnumDrawer:20 - sum :6
17-09-12 20:03:41 INFO  AddnumDrawer:20 - sum :6
17-09-12 20:03:41 INFO  AddnumDrawer:20 - sum :6
17-09-12 20:03:41 INFO  AddnumDrawer:20 - sum :6
17-09-12 20:03:41 INFO  AddnumDrawer:20 - sum :6
17-09-12 20:03:41 INFO  AddnumDrawer:20 - sum :6
17-09-12 20:03:41 INFO  AddnumDrawer:20 - sum :6
17-09-12 20:03:41 INFO  AddnumDrawer:20 - sum :6
17-09-12 20:03:41 INFO  AddnumDrawer:20 - sum :6
17-09-12 20:03:41 INFO  AddnumDrawer:20 - sum :6
17-09-12 20:03:41 INFO  AddnumDrawer:20 - sum :6
17-09-12 20:03:41 INFO  AddnumDrawer:20 - sum :6
17-09-12 20:03:41 INFO  AddnumDrawer:20 - sum :6
17-09-12 20:03:41 INFO  AddnumDrawer:20 - sum :6
17-09-12 20:03:41 INFO  AddnumDrawer:20 - sum :6
17-09-12 20:03:41 INFO  AddnumDrawer:20 - sum :6
17-09-12 20:03:41 INFO  AddnumDrawer:20 - sum :6
17-09-12 20:03:41 INFO  AddnumDrawer:20 - sum :6
17-09-12 20:03:41 INFO  AddnumDrawer:20 - sum :6
17-09-12 20:03:41 INFO  AddnumDrawer:20 - sum :6
17-09-12 20:03:41 INFO  AddnumDrawer:20 - sum :6
17-09-12 20:03:41 INFO  AddnumDrawer:20 - sum :6
17-09-12 20:03:41 INFO  AddnumDrawer:20 - sum :6
17-09-12 20:03:41 INFO  AddnumDrawer:20 - sum :6
17-09-12 20:03:41 INFO  AddnumDrawer:20 - sum :6
17-09-12 20:03:41 INFO  AddnumDrawer:20 - sum :6
17-09-12 20:03:41 INFO  AddnumDrawer:20 - sum :6
17-09-12 20:03:41 INFO  AddnumDrawer:20 - sum :6
17-09-12 20:03:41 INFO  AddnumDrawer:20 - sum :6
17-09-12 20:03:41 INFO  AddnumDrawer:20 - sum :6
17-09-12 20:03:41 INFO  AddnumDrawer:20 - sum :6
17-09-12 20:03:41 INFO  AddnumDrawer:20 - sum :6
17-09-12 20:03:41 INFO  AddnumDrawer:20 - sum :6
17-09-12 20:03:41 INFO  AddnumDrawer:20 - sum :6
17-09-12 20:03:41 INFO  AddnumDrawer:20 - sum :6
17-09-12 20:03:41 INFO  AddnumDrawer:20 - sum :6
17-09-12 20:03:41 INFO  AddnumDrawer:20 - sum :6
17-09-12 20:03:41 INFO  AddnumDrawer:20 - sum :6
17-09-12 20:03:41 INFO  AddnumDrawer:20 - sum :6
17-09-12 20:03:41 INFO  AddnumDrawer:20 - sum :6
17-09-12 20:03:41 INFO  AddnumDrawer:20 - sum :6
17-09-12 20:03:41 INFO  AddnumDrawer:20 - sum :6
17-09-12 20:03:41 INFO  AddnumDrawer:20 - sum :6
17-09-12 20:03:41 INFO  AddnumDrawer:20 - sum :6
17-09-12 20:03:41 INFO  AddnumDrawer:20 - sum :6
17-09-12 20:03:41 INFO  AddnumDrawer:20 - sum :6
17-09-12 20:03:41 INFO  AddnumDrawer:20 - sum :6
17-09-12 20:03:41 INFO  AddnumDrawer:20 - sum :6
17-09-12 20:03:41 INFO  AddnumDrawer:20 - sum :6
17-09-12 20:03:41 INFO  AddnumDrawer:20 - sum :6
17-09-12 20:03:41 INFO  AddnumDrawer:20 - sum :6
17-09-12 20:03:41 INFO  AddnumDrawer:20 - sum :6
17-09-12 20:03:41 INFO  AddnumDrawer:20 - sum :6
17-09-12 20:03:41 INFO  AddnumDrawer:20 - sum :6
17-09-12 20:03:41 INFO  AddnumDrawer:20 - sum :6
17-09-12 20:03:41 INFO  AddnumDrawer:20 - sum :6
17-09-12 20:03:41 INFO  AddnumDrawer:20 - sum :6
17-09-12 20:03:41 INFO  AddnumDrawer:20 - sum :6
17-09-12 20:03:41 INFO  AddnumDrawer:20 - sum :6
17-09-12 20:03:41 INFO  AddnumDrawer:20 - sum :6
17-09-12 20:03:41 INFO  AddnumDrawer:20 - sum :6
17-09-12 20:03:41 INFO  AddnumDrawer:20 - sum :6
17-09-12 20:03:41 INFO  AddnumDrawer:20 - sum :6
17-09-12 20:03:41 INFO  AddnumDrawer:20 - sum :6
17-09-12 20:03:41 INFO  AddnumDrawer:20 - sum :6
17-09-12 20:03:41 INFO  AddnumDrawer:20 - sum :6
17-09-12 20:03:41 INFO  AddnumDrawer:20 - sum :6
17-09-12 20:03:41 INFO  AddnumDrawer:20 - sum :6
17-09-12 20:03:41 INFO  AddnumDrawer:20 - sum :6
17-09-12 20:03:41 INFO  AddnumDrawer:20 - sum :6
17-09-12 20:03:41 INFO  AddnumDrawer:20 - sum :6
17-09-12 20:03:41 INFO  AddnumDrawer:20 - sum :6
17-09-12 20:03:42 INFO  AddnumDrawer:20 - sum :6
17-09-12 20:03:42 INFO  AddnumDrawer:20 - sum :6
17-09-12 20:03:42 INFO  AddnumDrawer:20 - sum :6
17-09-12 20:03:42 INFO  AddnumDrawer:20 - sum :6
17-09-12 20:03:42 INFO  AddnumDrawer:20 - sum :6
17-09-12 20:03:42 INFO  AddnumDrawer:20 - sum :6
17-09-12 20:03:42 INFO  AddnumDrawer:20 - sum :6
17-09-12 20:03:42 INFO  AddnumDrawer:20 - sum :6
17-09-12 20:03:42 INFO  AddnumDrawer:20 - sum :6
17-09-12 20:03:42 INFO  AddnumDrawer:20 - sum :6
17-09-12 20:03:42 INFO  AddnumDrawer:20 - sum :6
17-09-12 20:03:42 INFO  AddnumDrawer:20 - sum :6
17-09-12 20:03:42 INFO  AddnumDrawer:20 - sum :6
17-09-12 20:03:42 INFO  AddnumDrawer:20 - sum :6
17-09-12 20:03:42 INFO  AddnumDrawer:20 - sum :6
17-09-12 20:03:42 INFO  AddnumDrawer:20 - sum :6
17-09-12 20:03:42 INFO  AddnumDrawer:20 - sum :6
17-09-12 20:03:42 INFO  AddnumDrawer:20 - sum :6
17-09-12 20:03:42 INFO  AddnumDrawer:20 - sum :6
17-09-12 20:03:42 INFO  AddnumDrawer:20 - sum :6
17-09-12 20:03:42 INFO  AddnumDrawer:20 - sum :6
17-09-12 20:03:42 INFO  AddnumDrawer:20 - sum :6
17-09-12 20:03:42 INFO  AddnumDrawer:20 - sum :6
17-09-12 20:03:42 INFO  AddnumDrawer:20 - sum :6
17-09-12 20:03:42 INFO  AddnumDrawer:20 - sum :6
17-09-12 20:03:42 INFO  AddnumDrawer:20 - sum :6
17-09-12 20:03:42 INFO  AddnumDrawer:20 - sum :6
17-09-12 20:03:42 INFO  AddnumDrawer:20 - sum :6
17-09-12 20:03:42 INFO  AddnumDrawer:20 - sum :6
17-09-12 20:03:42 INFO  AddnumDrawer:20 - sum :6
17-09-12 20:03:42 INFO  AddnumDrawer:20 - sum :6
17-09-12 20:03:42 INFO  AddnumDrawer:20 - sum :6
17-09-12 20:03:42 INFO  AddnumDrawer:20 - sum :6
17-09-12 20:03:42 INFO  AddnumDrawer:20 - sum :6
17-09-12 20:03:42 INFO  AddnumDrawer:20 - sum :6
17-09-12 20:03:42 INFO  AddnumDrawer:20 - sum :6
17-09-12 20:03:42 INFO  AddnumDrawer:20 - sum :6
17-09-12 20:03:42 INFO  AddnumDrawer:20 - sum :6
17-09-12 20:03:42 INFO  AddnumDrawer:20 - sum :6
17-09-12 20:03:42 INFO  AddnumDrawer:20 - sum :6
17-09-12 20:03:42 INFO  AddnumDrawer:20 - sum :6
17-09-12 20:03:42 INFO  AddnumDrawer:20 - sum :6
17-09-12 20:03:42 INFO  AddnumDrawer:20 - sum :6
17-09-12 20:03:42 INFO  AddnumDrawer:20 - sum :6
17-09-12 20:03:42 INFO  AddnumDrawer:20 - sum :6
17-09-12 20:03:42 INFO  AddnumDrawer:20 - sum :6
17-09-12 20:03:42 INFO  AddnumDrawer:20 - sum :6
17-09-12 20:03:42 INFO  AddnumDrawer:20 - sum :6
17-09-12 20:03:42 INFO  AddnumDrawer:20 - sum :6
17-09-12 20:03:42 INFO  AddnumDrawer:20 - sum :6
17-09-12 20:03:42 INFO  AddnumDrawer:20 - sum :6
17-09-12 20:03:42 INFO  AddnumDrawer:20 - sum :6
17-09-12 20:03:42 INFO  AddnumDrawer:20 - sum :6
17-09-12 20:03:42 INFO  AddnumDrawer:20 - sum :6
17-09-12 20:03:42 INFO  AddnumDrawer:20 - sum :6
17-09-12 20:03:42 INFO  AddnumDrawer:20 - sum :6
17-09-12 20:03:42 INFO  AddnumDrawer:20 - sum :6
17-09-12 20:03:42 INFO  AddnumDrawer:20 - sum :6
17-09-12 20:03:42 INFO  AddnumDrawer:20 - sum :6
17-09-12 20:03:42 INFO  AddnumDrawer:20 - sum :6
17-09-12 20:03:42 INFO  AddnumDrawer:20 - sum :6
17-09-12 20:03:42 INFO  AddnumDrawer:20 - sum :6
17-09-12 20:03:42 INFO  AddnumDrawer:20 - sum :6
17-09-12 20:03:42 INFO  AddnumDrawer:20 - sum :6
17-09-12 20:03:42 INFO  AddnumDrawer:20 - sum :6
17-09-12 20:03:42 INFO  AddnumDrawer:20 - sum :6
17-09-12 20:03:42 INFO  AddnumDrawer:20 - sum :6
17-09-12 20:03:42 INFO  AddnumDrawer:20 - sum :6
17-09-12 20:03:42 INFO  AddnumDrawer:20 - sum :6
17-09-12 20:03:42 INFO  AddnumDrawer:20 - sum :6
17-09-12 20:03:42 INFO  AddnumDrawer:20 - sum :6
17-09-12 20:03:42 INFO  AddnumDrawer:20 - sum :6
17-09-12 20:03:42 INFO  AddnumDrawer:20 - sum :6
17-09-12 20:03:42 INFO  AddnumDrawer:20 - sum :6
17-09-12 20:03:42 INFO  AddnumDrawer:20 - sum :6
17-09-12 20:03:42 INFO  AddnumDrawer:20 - sum :6
17-09-12 20:03:42 INFO  AddnumDrawer:20 - sum :6
17-09-12 20:03:42 INFO  AddnumDrawer:20 - sum :6
17-09-12 20:03:42 INFO  AddnumDrawer:20 - sum :6
17-09-12 20:03:42 INFO  AddnumDrawer:20 - sum :6
17-09-12 20:03:42 INFO  AddnumDrawer:20 - sum :6
17-09-12 20:03:42 INFO  AddnumDrawer:20 - sum :6
17-09-12 20:03:42 INFO  AddnumDrawer:20 - sum :6
17-09-12 20:03:42 INFO  AddnumDrawer:20 - sum :6
17-09-12 20:03:42 INFO  AddnumDrawer:20 - sum :6
17-09-12 20:03:42 INFO  AddnumDrawer:20 - sum :6
17-09-12 20:03:42 INFO  AddnumDrawer:20 - sum :6
17-09-12 20:03:42 INFO  AddnumDrawer:20 - sum :6
17-09-12 20:03:43 INFO  AddnumDrawer:20 - sum :6
17-09-12 20:03:43 INFO  AddnumDrawer:20 - sum :6
17-09-12 20:03:43 INFO  AddnumDrawer:20 - sum :6
17-09-12 20:03:43 INFO  AddnumDrawer:20 - sum :6
17-09-12 20:03:43 INFO  AddnumDrawer:20 - sum :6
17-09-12 20:03:43 INFO  AddnumDrawer:20 - sum :6
17-09-12 20:03:43 INFO  AddnumDrawer:20 - sum :6
17-09-12 20:03:43 INFO  AddnumDrawer:20 - sum :6
17-09-12 20:03:43 INFO  AddnumDrawer:20 - sum :6
17-09-12 20:03:43 INFO  AddnumDrawer:20 - sum :6
17-09-12 20:03:43 INFO  AddnumDrawer:20 - sum :6
17-09-12 20:03:43 INFO  AddnumDrawer:20 - sum :6
17-09-12 20:03:43 INFO  AddnumDrawer:20 - sum :6
17-09-12 20:03:43 INFO  AddnumDrawer:20 - sum :6
17-09-12 20:03:43 INFO  AddnumDrawer:20 - sum :6
17-09-12 20:03:43 INFO  AddnumDrawer:20 - sum :6
17-09-12 20:03:43 INFO  AddnumDrawer:20 - sum :6
17-09-12 20:03:43 INFO  AddnumDrawer:20 - sum :6
17-09-12 20:03:43 INFO  AddnumDrawer:20 - sum :6
17-09-12 20:03:43 INFO  AddnumDrawer:20 - sum :6
17-09-12 20:03:43 INFO  AddnumDrawer:20 - sum :6
17-09-12 20:03:43 INFO  AddnumDrawer:20 - sum :6
17-09-12 20:03:43 INFO  AddnumDrawer:20 - sum :6
17-09-12 20:03:43 INFO  AddnumDrawer:20 - sum :6
17-09-12 20:03:43 INFO  AddnumDrawer:20 - sum :6
17-09-12 20:03:43 INFO  AddnumDrawer:20 - sum :6
17-09-12 20:03:43 INFO  AddnumDrawer:20 - sum :6
17-09-12 20:03:43 INFO  AddnumDrawer:20 - sum :6
17-09-12 20:03:43 INFO  AddnumDrawer:20 - sum :6
17-09-12 20:03:43 INFO  AddnumDrawer:20 - sum :6
17-09-12 20:03:43 INFO  AddnumDrawer:20 - sum :6
17-09-12 20:03:43 INFO  AddnumDrawer:20 - sum :6
17-09-12 20:03:43 INFO  AddnumDrawer:20 - sum :6
17-09-12 20:03:43 INFO  AddnumDrawer:20 - sum :6
17-09-12 20:03:43 INFO  AddnumDrawer:20 - sum :6
17-09-12 20:03:43 INFO  AddnumDrawer:20 - sum :6
17-09-12 20:03:43 INFO  AddnumDrawer:20 - sum :6
17-09-12 20:03:43 INFO  AddnumDrawer:20 - sum :6
17-09-12 20:03:43 INFO  AddnumDrawer:20 - sum :6
17-09-12 20:03:43 INFO  AddnumDrawer:20 - sum :6
17-09-12 20:03:43 INFO  AddnumDrawer:20 - sum :6
17-09-12 20:03:43 INFO  AddnumDrawer:20 - sum :6
17-09-12 20:03:43 INFO  AddnumDrawer:20 - sum :6
17-09-12 20:03:43 INFO  AddnumDrawer:20 - sum :6
17-09-12 20:03:43 INFO  AddnumDrawer:20 - sum :6
17-09-12 20:03:43 INFO  AddnumDrawer:20 - sum :6
17-09-12 20:03:43 INFO  AddnumDrawer:20 - sum :6
17-09-12 20:03:43 INFO  AddnumDrawer:20 - sum :6
17-09-12 20:03:43 INFO  AddnumDrawer:20 - sum :6
17-09-12 20:03:43 INFO  AddnumDrawer:20 - sum :6
17-09-12 20:03:43 INFO  AddnumDrawer:20 - sum :6
17-09-12 20:03:43 INFO  AddnumDrawer:20 - sum :6
17-09-12 20:03:43 INFO  AddnumDrawer:20 - sum :6
17-09-12 20:03:43 INFO  AddnumDrawer:20 - sum :6
17-09-12 20:03:43 INFO  AddnumDrawer:20 - sum :6
17-09-12 20:03:43 INFO  AddnumDrawer:20 - sum :6
17-09-12 20:03:43 INFO  AddnumDrawer:20 - sum :6
17-09-12 20:03:43 INFO  AddnumDrawer:20 - sum :6
17-09-12 20:03:43 INFO  AddnumDrawer:20 - sum :6
17-09-12 20:03:43 INFO  AddnumDrawer:20 - sum :6
17-09-12 20:03:57 INFO  AddnumDrawer:20 - sum :0
17-09-12 20:03:57 INFO  AddnumDrawer:20 - sum :0
17-09-12 20:03:57 INFO  AddnumDrawer:20 - sum :0
17-09-12 20:03:57 INFO  AddnumDrawer:20 - sum :0
17-09-12 20:03:58 INFO  AddnumDrawer:20 - sum :0
17-09-12 20:03:58 INFO  AddnumDrawer:20 - sum :0
17-09-12 20:03:58 INFO  AddnumDrawer:20 - sum :0
17-09-12 20:03:58 INFO  AddnumDrawer:20 - sum :0
17-09-12 20:03:58 INFO  AddnumDrawer:20 - sum :0
17-09-12 20:03:58 INFO  AddnumDrawer:20 - sum :0
17-09-12 20:03:58 INFO  AddnumDrawer:20 - sum :0
17-09-12 20:03:58 INFO  AddnumDrawer:20 - sum :0
17-09-12 20:03:58 INFO  AddnumDrawer:20 - sum :0
17-09-12 20:03:58 INFO  AddnumDrawer:20 - sum :0
17-09-12 20:03:58 INFO  AddnumDrawer:20 - sum :0
17-09-12 20:03:58 INFO  AddnumDrawer:20 - sum :0
17-09-12 20:03:58 INFO  AddnumDrawer:20 - sum :0
17-09-12 20:03:58 INFO  AddnumDrawer:20 - sum :0
17-09-12 20:03:58 INFO  AddnumDrawer:20 - sum :0
17-09-12 20:03:58 INFO  AddnumDrawer:20 - sum :0
17-09-12 20:03:58 INFO  AddnumDrawer:20 - sum :0
17-09-12 20:03:58 INFO  AddnumDrawer:20 - sum :0
17-09-12 20:03:58 INFO  AddnumDrawer:20 - sum :0
17-09-12 20:03:58 INFO  AddnumDrawer:20 - sum :0
17-09-12 20:03:58 INFO  AddnumDrawer:20 - sum :0
17-09-12 20:03:58 INFO  AddnumDrawer:20 - sum :1
17-09-12 20:03:58 INFO  AddnumDrawer:20 - sum :0
17-09-12 20:03:58 INFO  AddnumDrawer:20 - sum :0
17-09-12 20:03:58 INFO  AddnumDrawer:20 - sum :0
17-09-12 20:03:58 INFO  AddnumDrawer:20 - sum :1
17-09-12 20:03:58 INFO  AddnumDrawer:20 - sum :3
17-09-12 20:03:58 INFO  AddnumDrawer:20 - sum :0
17-09-12 20:03:58 INFO  AddnumDrawer:20 - sum :0
17-09-12 20:03:58 INFO  AddnumDrawer:20 - sum :1
17-09-12 20:03:58 INFO  AddnumDrawer:20 - sum :3
17-09-12 20:03:58 INFO  AddnumDrawer:20 - sum :0
17-09-12 20:03:58 INFO  AddnumDrawer:20 - sum :0
17-09-12 20:03:58 INFO  AddnumDrawer:20 - sum :1
17-09-12 20:03:58 INFO  AddnumDrawer:20 - sum :3
17-09-12 20:03:58 INFO  AddnumDrawer:20 - sum :6
17-09-12 20:03:58 INFO  AddnumDrawer:20 - sum :0
17-09-12 20:03:58 INFO  AddnumDrawer:20 - sum :1
17-09-12 20:03:58 INFO  AddnumDrawer:20 - sum :3
17-09-12 20:03:58 INFO  AddnumDrawer:20 - sum :6
17-09-12 20:03:58 INFO  AddnumDrawer:20 - sum :6
17-09-12 20:03:58 INFO  AddnumDrawer:20 - sum :6
17-09-12 20:03:58 INFO  AddnumDrawer:20 - sum :6
17-09-12 20:03:58 INFO  AddnumDrawer:20 - sum :6
17-09-12 20:03:58 INFO  AddnumDrawer:20 - sum :6
17-09-12 20:03:58 INFO  AddnumDrawer:20 - sum :6
17-09-12 20:03:58 INFO  AddnumDrawer:20 - sum :6
17-09-12 20:03:58 INFO  AddnumDrawer:20 - sum :6
17-09-12 20:03:58 INFO  AddnumDrawer:20 - sum :6
17-09-12 20:03:58 INFO  AddnumDrawer:20 - sum :6
17-09-12 20:03:58 INFO  AddnumDrawer:20 - sum :6
17-09-12 20:03:58 INFO  AddnumDrawer:20 - sum :6
17-09-12 20:03:58 INFO  AddnumDrawer:20 - sum :6
17-09-12 20:03:58 INFO  AddnumDrawer:20 - sum :6
17-09-12 20:03:58 INFO  AddnumDrawer:20 - sum :6
17-09-12 20:03:58 INFO  AddnumDrawer:20 - sum :6
17-09-12 20:03:58 INFO  AddnumDrawer:20 - sum :6
17-09-12 20:03:58 INFO  AddnumDrawer:20 - sum :6
17-09-12 20:03:58 INFO  AddnumDrawer:20 - sum :6
17-09-12 20:03:58 INFO  AddnumDrawer:20 - sum :6
17-09-12 20:03:58 INFO  AddnumDrawer:20 - sum :6
17-09-12 20:03:58 INFO  AddnumDrawer:20 - sum :6
17-09-12 20:03:58 INFO  AddnumDrawer:20 - sum :6
17-09-12 20:03:58 INFO  AddnumDrawer:20 - sum :6
17-09-12 20:03:58 INFO  AddnumDrawer:20 - sum :6
17-09-12 20:03:58 INFO  AddnumDrawer:20 - sum :6
17-09-12 20:03:58 INFO  AddnumDrawer:20 - sum :6
17-09-12 20:03:58 INFO  AddnumDrawer:20 - sum :6
17-09-12 20:03:58 INFO  AddnumDrawer:20 - sum :6
17-09-12 20:03:58 INFO  AddnumDrawer:20 - sum :6
17-09-12 20:03:58 INFO  AddnumDrawer:20 - sum :6
17-09-12 20:03:58 INFO  AddnumDrawer:20 - sum :6
17-09-12 20:03:58 INFO  AddnumDrawer:20 - sum :6
17-09-12 20:03:58 INFO  AddnumDrawer:20 - sum :6
17-09-12 20:03:58 INFO  AddnumDrawer:20 - sum :6
17-09-12 20:03:58 INFO  AddnumDrawer:20 - sum :6
17-09-12 20:03:58 INFO  AddnumDrawer:20 - sum :6
17-09-12 20:03:58 INFO  AddnumDrawer:20 - sum :6
17-09-12 20:03:58 INFO  AddnumDrawer:20 - sum :6
17-09-12 20:03:58 INFO  AddnumDrawer:20 - sum :6
17-09-12 20:03:59 INFO  AddnumDrawer:20 - sum :6
17-09-12 20:03:59 INFO  AddnumDrawer:20 - sum :6
17-09-12 20:03:59 INFO  AddnumDrawer:20 - sum :6
17-09-12 20:03:59 INFO  AddnumDrawer:20 - sum :6
17-09-12 20:03:59 INFO  AddnumDrawer:20 - sum :6
17-09-12 20:03:59 INFO  AddnumDrawer:20 - sum :6
17-09-12 20:03:59 INFO  AddnumDrawer:20 - sum :6
17-09-12 20:03:59 INFO  AddnumDrawer:20 - sum :6
17-09-12 20:03:59 INFO  AddnumDrawer:20 - sum :6
17-09-12 20:03:59 INFO  AddnumDrawer:20 - sum :6
17-09-12 20:03:59 INFO  AddnumDrawer:20 - sum :6
17-09-12 20:03:59 INFO  AddnumDrawer:20 - sum :6
17-09-12 20:03:59 INFO  AddnumDrawer:20 - sum :6
17-09-12 20:03:59 INFO  AddnumDrawer:20 - sum :6
17-09-12 20:03:59 INFO  AddnumDrawer:20 - sum :6
17-09-12 20:03:59 INFO  AddnumDrawer:20 - sum :6
17-09-12 20:03:59 INFO  AddnumDrawer:20 - sum :6
17-09-12 20:03:59 INFO  AddnumDrawer:20 - sum :6
17-09-12 20:03:59 INFO  AddnumDrawer:20 - sum :6
17-09-12 20:03:59 INFO  AddnumDrawer:20 - sum :6
17-09-12 20:03:59 INFO  AddnumDrawer:20 - sum :6
17-09-12 20:03:59 INFO  AddnumDrawer:20 - sum :6
17-09-12 20:03:59 INFO  AddnumDrawer:20 - sum :6
17-09-12 20:03:59 INFO  AddnumDrawer:20 - sum :6
17-09-12 20:03:59 INFO  AddnumDrawer:20 - sum :6
17-09-12 20:03:59 INFO  AddnumDrawer:20 - sum :6
17-09-12 20:03:59 INFO  AddnumDrawer:20 - sum :6
17-09-12 20:03:59 INFO  AddnumDrawer:20 - sum :6
17-09-12 20:03:59 INFO  AddnumDrawer:20 - sum :6
17-09-12 20:03:59 INFO  AddnumDrawer:20 - sum :6
17-09-12 20:03:59 INFO  AddnumDrawer:20 - sum :6
17-09-12 20:03:59 INFO  AddnumDrawer:20 - sum :6
17-09-12 20:03:59 INFO  AddnumDrawer:20 - sum :6
17-09-12 20:03:59 INFO  AddnumDrawer:20 - sum :6
17-09-12 20:03:59 INFO  AddnumDrawer:20 - sum :6
17-09-12 20:03:59 INFO  AddnumDrawer:20 - sum :6
17-09-12 20:03:59 INFO  AddnumDrawer:20 - sum :6
17-09-12 20:03:59 INFO  AddnumDrawer:20 - sum :6
17-09-12 20:03:59 INFO  AddnumDrawer:20 - sum :6
17-09-12 20:03:59 INFO  AddnumDrawer:20 - sum :6
17-09-12 20:03:59 INFO  AddnumDrawer:20 - sum :6
17-09-12 20:03:59 INFO  AddnumDrawer:20 - sum :6
17-09-12 20:03:59 INFO  AddnumDrawer:20 - sum :6
17-09-12 20:03:59 INFO  AddnumDrawer:20 - sum :6
17-09-12 20:03:59 INFO  AddnumDrawer:20 - sum :6
17-09-12 20:03:59 INFO  AddnumDrawer:20 - sum :6
17-09-12 20:03:59 INFO  AddnumDrawer:20 - sum :6
17-09-12 20:03:59 INFO  AddnumDrawer:20 - sum :6
17-09-12 20:03:59 INFO  AddnumDrawer:20 - sum :6
17-09-12 20:03:59 INFO  AddnumDrawer:20 - sum :6
17-09-12 20:03:59 INFO  AddnumDrawer:20 - sum :6
17-09-12 20:03:59 INFO  AddnumDrawer:20 - sum :6
17-09-12 20:03:59 INFO  AddnumDrawer:20 - sum :6
17-09-12 20:03:59 INFO  AddnumDrawer:20 - sum :6
17-09-12 20:03:59 INFO  AddnumDrawer:20 - sum :6
17-09-12 20:03:59 INFO  AddnumDrawer:20 - sum :6
17-09-12 20:03:59 INFO  AddnumDrawer:20 - sum :6
17-09-12 20:03:59 INFO  AddnumDrawer:20 - sum :6
17-09-12 20:03:59 INFO  AddnumDrawer:20 - sum :6
17-09-12 20:03:59 INFO  AddnumDrawer:20 - sum :6
17-09-12 20:03:59 INFO  AddnumDrawer:20 - sum :6
17-09-12 20:03:59 INFO  AddnumDrawer:20 - sum :6
17-09-12 20:03:59 INFO  AddnumDrawer:20 - sum :6
17-09-12 20:03:59 INFO  AddnumDrawer:20 - sum :6
17-09-12 20:03:59 INFO  AddnumDrawer:20 - sum :6
17-09-12 20:03:59 INFO  AddnumDrawer:20 - sum :6
17-09-12 20:03:59 INFO  AddnumDrawer:20 - sum :6
17-09-12 20:03:59 INFO  AddnumDrawer:20 - sum :6
17-09-12 20:03:59 INFO  AddnumDrawer:20 - sum :6
17-09-12 20:03:59 INFO  AddnumDrawer:20 - sum :6
17-09-12 20:03:59 INFO  AddnumDrawer:20 - sum :6
17-09-12 20:03:59 INFO  AddnumDrawer:20 - sum :6
17-09-12 20:03:59 INFO  AddnumDrawer:20 - sum :6
17-09-12 20:03:59 INFO  AddnumDrawer:20 - sum :6
17-09-12 20:03:59 INFO  AddnumDrawer:20 - sum :6
17-09-12 20:03:59 INFO  AddnumDrawer:20 - sum :6
17-09-12 20:03:59 INFO  AddnumDrawer:20 - sum :6
17-09-12 20:03:59 INFO  AddnumDrawer:20 - sum :6
17-09-12 20:03:59 INFO  AddnumDrawer:20 - sum :6
17-09-12 20:03:59 INFO  AddnumDrawer:20 - sum :6
17-09-12 20:03:59 INFO  AddnumDrawer:20 - sum :6
17-09-12 20:03:59 INFO  AddnumDrawer:20 - sum :6
17-09-12 20:03:59 INFO  AddnumDrawer:20 - sum :6
17-09-12 20:03:59 INFO  AddnumDrawer:20 - sum :6
17-09-12 20:04:00 INFO  AddnumDrawer:20 - sum :6
17-09-12 20:04:00 INFO  AddnumDrawer:20 - sum :6
17-09-12 20:04:00 INFO  AddnumDrawer:20 - sum :6
17-09-12 20:04:00 INFO  AddnumDrawer:20 - sum :6
17-09-12 20:04:00 INFO  AddnumDrawer:20 - sum :6
17-09-12 20:04:00 INFO  AddnumDrawer:20 - sum :6
17-09-12 20:04:00 INFO  AddnumDrawer:20 - sum :6
17-09-12 20:04:00 INFO  AddnumDrawer:20 - sum :6
17-09-12 20:04:00 INFO  AddnumDrawer:20 - sum :6
17-09-12 20:04:00 INFO  AddnumDrawer:20 - sum :6
17-09-12 20:04:00 INFO  AddnumDrawer:20 - sum :6
17-09-12 20:04:00 INFO  AddnumDrawer:20 - sum :6
17-09-12 20:04:00 INFO  AddnumDrawer:20 - sum :6
17-09-12 20:04:00 INFO  AddnumDrawer:20 - sum :6
17-09-12 20:04:00 INFO  AddnumDrawer:20 - sum :6
17-09-12 20:04:00 INFO  AddnumDrawer:20 - sum :6
17-09-12 20:04:00 INFO  AddnumDrawer:20 - sum :6
17-09-12 20:04:00 INFO  AddnumDrawer:20 - sum :6
17-09-12 20:04:00 INFO  AddnumDrawer:20 - sum :6
17-09-12 20:04:00 INFO  AddnumDrawer:20 - sum :6
17-09-12 20:04:00 INFO  AddnumDrawer:20 - sum :6
17-09-12 20:04:00 INFO  AddnumDrawer:20 - sum :6
17-09-12 20:04:00 INFO  AddnumDrawer:20 - sum :6
17-09-12 20:04:00 INFO  AddnumDrawer:20 - sum :6
17-09-12 20:04:00 INFO  AddnumDrawer:20 - sum :6
17-09-12 20:04:00 INFO  AddnumDrawer:20 - sum :6
17-09-12 20:04:00 INFO  AddnumDrawer:20 - sum :6
17-09-12 20:04:00 INFO  AddnumDrawer:20 - sum :6
17-09-12 20:04:00 INFO  AddnumDrawer:20 - sum :6
17-09-12 20:04:00 INFO  AddnumDrawer:20 - sum :6
17-09-12 20:04:00 INFO  AddnumDrawer:20 - sum :6
17-09-12 20:04:00 INFO  AddnumDrawer:20 - sum :6
17-09-12 20:04:00 INFO  AddnumDrawer:20 - sum :6
17-09-12 20:04:00 INFO  AddnumDrawer:20 - sum :6
17-09-12 20:04:00 INFO  AddnumDrawer:20 - sum :6
17-09-12 20:04:00 INFO  AddnumDrawer:20 - sum :6
17-09-12 20:04:00 INFO  AddnumDrawer:20 - sum :6
17-09-12 20:04:00 INFO  AddnumDrawer:20 - sum :6
17-09-12 20:04:00 INFO  AddnumDrawer:20 - sum :6
17-09-12 20:04:00 INFO  AddnumDrawer:20 - sum :6
17-09-12 20:04:00 INFO  AddnumDrawer:20 - sum :6
17-09-12 20:04:00 INFO  AddnumDrawer:20 - sum :6
17-09-12 20:04:00 INFO  AddnumDrawer:20 - sum :6
17-09-12 20:04:00 INFO  AddnumDrawer:20 - sum :6
17-09-12 20:04:00 INFO  AddnumDrawer:20 - sum :6
17-09-12 20:04:00 INFO  AddnumDrawer:20 - sum :6
17-09-12 20:04:00 INFO  AddnumDrawer:20 - sum :6
17-09-12 20:04:00 INFO  AddnumDrawer:20 - sum :6
17-09-12 20:04:00 INFO  AddnumDrawer:20 - sum :6
17-09-12 20:04:00 INFO  AddnumDrawer:20 - sum :6
17-09-12 20:04:00 INFO  AddnumDrawer:20 - sum :6
17-09-12 20:04:00 INFO  AddnumDrawer:20 - sum :6
17-09-12 20:04:00 INFO  AddnumDrawer:20 - sum :6
17-09-12 20:04:00 INFO  AddnumDrawer:20 - sum :6
17-09-12 20:04:00 INFO  AddnumDrawer:20 - sum :6
17-09-12 20:04:00 INFO  AddnumDrawer:20 - sum :6
17-09-12 20:04:00 INFO  AddnumDrawer:20 - sum :6
17-09-12 20:04:00 INFO  AddnumDrawer:20 - sum :6
17-09-12 20:04:00 INFO  AddnumDrawer:20 - sum :6
17-09-12 20:04:00 INFO  AddnumDrawer:20 - sum :6
17-09-12 20:04:00 INFO  AddnumDrawer:20 - sum :6
17-09-12 20:04:00 INFO  AddnumDrawer:20 - sum :6
17-09-12 20:04:00 INFO  AddnumDrawer:20 - sum :6
17-09-12 20:04:00 INFO  AddnumDrawer:20 - sum :6
17-09-12 20:04:00 INFO  AddnumDrawer:20 - sum :6
17-09-12 20:04:00 INFO  AddnumDrawer:20 - sum :6
17-09-12 20:04:00 INFO  AddnumDrawer:20 - sum :6
17-09-12 20:04:00 INFO  AddnumDrawer:20 - sum :6
17-09-12 20:04:00 INFO  AddnumDrawer:20 - sum :6
17-09-12 20:04:00 INFO  AddnumDrawer:20 - sum :6
17-09-12 20:04:00 INFO  AddnumDrawer:20 - sum :6
17-09-12 20:04:00 INFO  AddnumDrawer:20 - sum :6
17-09-12 20:04:00 INFO  AddnumDrawer:20 - sum :6
17-09-12 20:04:00 INFO  AddnumDrawer:20 - sum :6
17-09-12 20:04:00 INFO  AddnumDrawer:20 - sum :6
17-09-12 20:04:00 INFO  AddnumDrawer:20 - sum :6
17-09-12 20:04:00 INFO  AddnumDrawer:20 - sum :6
17-09-12 20:04:00 INFO  AddnumDrawer:20 - sum :6
17-09-12 20:04:00 INFO  AddnumDrawer:20 - sum :6
17-09-12 20:04:00 INFO  AddnumDrawer:20 - sum :6
17-09-12 20:04:00 INFO  AddnumDrawer:20 - sum :6
17-09-12 20:04:00 INFO  AddnumDrawer:20 - sum :6
17-09-12 20:04:00 INFO  AddnumDrawer:20 - sum :6
17-09-12 20:04:00 INFO  AddnumDrawer:20 - sum :6
17-09-12 20:04:00 INFO  AddnumDrawer:20 - sum :6
17-09-12 20:04:00 INFO  AddnumDrawer:20 - sum :6
17-09-12 20:04:00 INFO  AddnumDrawer:20 - sum :6
17-09-12 20:04:00 INFO  AddnumDrawer:20 - sum :6
17-09-12 20:04:00 INFO  AddnumDrawer:20 - sum :6
17-09-12 20:04:00 INFO  AddnumDrawer:20 - sum :6
17-09-12 20:04:00 INFO  AddnumDrawer:20 - sum :6
17-09-12 20:04:00 INFO  AddnumDrawer:20 - sum :6
17-09-12 20:04:01 INFO  AddnumDrawer:20 - sum :6
17-09-12 20:04:01 INFO  AddnumDrawer:20 - sum :6
17-09-12 20:04:01 INFO  AddnumDrawer:20 - sum :6
17-09-12 20:04:01 INFO  AddnumDrawer:20 - sum :6
17-09-12 20:04:01 INFO  AddnumDrawer:20 - sum :6
17-09-12 20:04:01 INFO  AddnumDrawer:20 - sum :6
17-09-12 20:04:01 INFO  AddnumDrawer:20 - sum :6
17-09-12 20:04:01 INFO  AddnumDrawer:20 - sum :6
17-09-12 20:04:01 INFO  AddnumDrawer:20 - sum :6
17-09-12 20:04:01 INFO  AddnumDrawer:20 - sum :6
17-09-12 20:04:01 INFO  AddnumDrawer:20 - sum :6
17-09-12 20:04:01 INFO  AddnumDrawer:20 - sum :6
17-09-12 20:04:01 INFO  AddnumDrawer:20 - sum :6
17-09-12 20:04:01 INFO  AddnumDrawer:20 - sum :6
17-09-12 20:04:01 INFO  AddnumDrawer:20 - sum :6
17-09-12 20:04:01 INFO  AddnumDrawer:20 - sum :6
17-09-12 20:04:01 INFO  AddnumDrawer:20 - sum :6
17-09-12 20:04:01 INFO  AddnumDrawer:20 - sum :6
17-09-12 20:04:01 INFO  AddnumDrawer:20 - sum :6
17-09-12 20:04:01 INFO  AddnumDrawer:20 - sum :6
17-09-12 20:04:01 INFO  AddnumDrawer:20 - sum :6
17-09-12 20:04:01 INFO  AddnumDrawer:20 - sum :6
17-09-12 20:04:01 INFO  AddnumDrawer:20 - sum :6
17-09-12 20:04:01 INFO  AddnumDrawer:20 - sum :6
17-09-12 20:04:01 INFO  AddnumDrawer:20 - sum :6
17-09-12 20:04:01 INFO  AddnumDrawer:20 - sum :6
17-09-12 20:04:01 INFO  AddnumDrawer:20 - sum :6
17-09-12 20:04:01 INFO  AddnumDrawer:20 - sum :6
17-09-12 20:04:01 INFO  AddnumDrawer:20 - sum :6
17-09-12 20:04:01 INFO  AddnumDrawer:20 - sum :6
17-09-12 20:04:01 INFO  AddnumDrawer:20 - sum :6
17-09-12 20:04:01 INFO  AddnumDrawer:20 - sum :6
17-09-12 20:04:01 INFO  AddnumDrawer:20 - sum :6
17-09-12 20:04:01 INFO  AddnumDrawer:20 - sum :6
17-09-12 20:04:01 INFO  AddnumDrawer:20 - sum :6
17-09-12 20:04:01 INFO  AddnumDrawer:20 - sum :6
17-09-12 20:04:01 INFO  AddnumDrawer:20 - sum :6
17-09-12 20:04:01 INFO  AddnumDrawer:20 - sum :6
17-09-12 20:04:01 INFO  AddnumDrawer:20 - sum :6
17-09-12 20:04:01 INFO  AddnumDrawer:20 - sum :6
17-09-12 20:04:01 INFO  AddnumDrawer:20 - sum :6
17-09-12 20:04:01 INFO  AddnumDrawer:20 - sum :6
17-09-12 20:04:01 INFO  AddnumDrawer:20 - sum :6
17-09-12 20:04:01 INFO  AddnumDrawer:20 - sum :6
17-09-12 20:04:01 INFO  AddnumDrawer:20 - sum :6
17-09-12 20:04:01 INFO  AddnumDrawer:20 - sum :6
17-09-12 20:04:01 INFO  AddnumDrawer:20 - sum :6
17-09-12 20:04:01 INFO  AddnumDrawer:20 - sum :6
17-09-12 20:04:01 INFO  AddnumDrawer:20 - sum :6
17-09-12 20:04:01 INFO  AddnumDrawer:20 - sum :6
17-09-12 20:04:01 INFO  AddnumDrawer:20 - sum :6
17-09-12 20:04:01 INFO  AddnumDrawer:20 - sum :6
17-09-12 20:04:01 INFO  AddnumDrawer:20 - sum :6
17-09-12 20:04:01 INFO  AddnumDrawer:20 - sum :6
17-09-12 20:04:01 INFO  AddnumDrawer:20 - sum :6
17-09-12 20:04:01 INFO  AddnumDrawer:20 - sum :6
17-09-12 20:04:01 INFO  AddnumDrawer:20 - sum :6
17-09-12 20:04:01 INFO  AddnumDrawer:20 - sum :6
17-09-12 20:04:01 INFO  AddnumDrawer:20 - sum :6
17-09-12 20:04:01 INFO  AddnumDrawer:20 - sum :6
17-09-12 20:04:01 INFO  AddnumDrawer:20 - sum :6
17-09-12 20:04:01 INFO  AddnumDrawer:20 - sum :6
17-09-12 20:04:01 INFO  AddnumDrawer:20 - sum :6
17-09-12 20:04:01 INFO  AddnumDrawer:20 - sum :6
17-09-12 20:04:01 INFO  AddnumDrawer:20 - sum :6
17-09-12 20:04:01 INFO  AddnumDrawer:20 - sum :6
17-09-12 20:04:01 INFO  AddnumDrawer:20 - sum :6
17-09-12 20:04:01 INFO  AddnumDrawer:20 - sum :6
17-09-12 20:04:01 INFO  AddnumDrawer:20 - sum :6
17-09-12 20:04:01 INFO  AddnumDrawer:20 - sum :6
17-09-12 20:04:01 INFO  AddnumDrawer:20 - sum :6
17-09-12 20:04:01 INFO  AddnumDrawer:20 - sum :6
17-09-12 20:04:01 INFO  AddnumDrawer:20 - sum :6
17-09-12 20:04:01 INFO  AddnumDrawer:20 - sum :6
17-09-12 20:04:01 INFO  AddnumDrawer:20 - sum :6
17-09-12 20:04:01 INFO  AddnumDrawer:20 - sum :6
17-09-12 20:04:01 INFO  AddnumDrawer:20 - sum :6
17-09-12 20:04:01 INFO  AddnumDrawer:20 - sum :6
17-09-12 20:04:01 INFO  AddnumDrawer:20 - sum :6
17-09-12 20:04:01 INFO  AddnumDrawer:20 - sum :6
17-09-12 20:04:01 INFO  AddnumDrawer:20 - sum :6
17-09-12 20:04:01 INFO  AddnumDrawer:20 - sum :6
17-09-12 20:04:01 INFO  AddnumDrawer:20 - sum :6
17-09-12 20:04:01 INFO  AddnumDrawer:20 - sum :6
17-09-12 20:04:01 INFO  AddnumDrawer:20 - sum :6
17-09-12 20:04:01 INFO  AddnumDrawer:20 - sum :6
17-09-12 20:04:01 INFO  AddnumDrawer:20 - sum :6
17-09-12 20:04:01 INFO  AddnumDrawer:20 - sum :6
17-09-12 20:04:02 INFO  AddnumDrawer:20 - sum :6
17-09-12 20:04:02 INFO  AddnumDrawer:20 - sum :6
17-09-12 20:04:02 INFO  AddnumDrawer:20 - sum :6
17-09-12 20:04:02 INFO  AddnumDrawer:20 - sum :6
17-09-12 20:04:02 INFO  AddnumDrawer:20 - sum :6
17-09-12 20:04:02 INFO  AddnumDrawer:20 - sum :6
17-09-12 20:04:02 INFO  AddnumDrawer:20 - sum :6
17-09-12 20:04:02 INFO  AddnumDrawer:20 - sum :6
17-09-12 20:04:02 INFO  AddnumDrawer:20 - sum :6
17-09-12 20:04:02 INFO  AddnumDrawer:20 - sum :6
17-09-12 20:04:02 INFO  AddnumDrawer:20 - sum :6
17-09-12 20:04:02 INFO  AddnumDrawer:20 - sum :6
17-09-12 20:04:02 INFO  AddnumDrawer:20 - sum :6
17-09-12 20:04:02 INFO  AddnumDrawer:20 - sum :6
17-09-12 20:04:02 INFO  AddnumDrawer:20 - sum :6
17-09-12 20:04:02 INFO  AddnumDrawer:20 - sum :6
17-09-12 20:04:02 INFO  AddnumDrawer:20 - sum :6
17-09-12 20:04:02 INFO  AddnumDrawer:20 - sum :6
17-09-12 20:04:02 INFO  AddnumDrawer:20 - sum :6
17-09-12 20:04:02 INFO  AddnumDrawer:20 - sum :6
17-09-12 20:04:02 INFO  AddnumDrawer:20 - sum :6
17-09-12 20:04:02 INFO  AddnumDrawer:20 - sum :6
17-09-12 20:04:02 INFO  AddnumDrawer:20 - sum :6
17-09-12 20:04:02 INFO  AddnumDrawer:20 - sum :6
17-09-12 20:04:02 INFO  AddnumDrawer:20 - sum :6
17-09-12 20:04:02 INFO  AddnumDrawer:20 - sum :6
17-09-12 20:04:02 INFO  AddnumDrawer:20 - sum :6
17-09-12 20:04:02 INFO  AddnumDrawer:20 - sum :6
17-09-12 20:04:02 INFO  AddnumDrawer:20 - sum :6
17-09-12 20:04:02 INFO  AddnumDrawer:20 - sum :6
17-09-12 20:04:02 INFO  AddnumDrawer:20 - sum :6
17-09-12 20:04:02 INFO  AddnumDrawer:20 - sum :6
17-09-12 20:04:02 INFO  AddnumDrawer:20 - sum :6
17-09-12 20:04:02 INFO  AddnumDrawer:20 - sum :6
17-09-12 20:04:02 INFO  AddnumDrawer:20 - sum :6
17-09-12 20:04:02 INFO  AddnumDrawer:20 - sum :6
17-09-12 20:04:02 INFO  AddnumDrawer:20 - sum :6
17-09-12 20:04:02 INFO  AddnumDrawer:20 - sum :6
17-09-12 20:04:02 INFO  AddnumDrawer:20 - sum :6
17-09-12 20:04:02 INFO  AddnumDrawer:20 - sum :6
17-09-12 20:04:02 INFO  AddnumDrawer:20 - sum :6
17-09-12 20:04:02 INFO  AddnumDrawer:20 - sum :6
17-09-12 20:04:02 INFO  AddnumDrawer:20 - sum :6
17-09-12 20:04:02 INFO  AddnumDrawer:20 - sum :6
17-09-12 20:04:02 INFO  AddnumDrawer:20 - sum :6
17-09-12 20:04:02 INFO  AddnumDrawer:20 - sum :6
17-09-12 20:04:02 INFO  AddnumDrawer:20 - sum :6
17-09-12 20:04:02 INFO  AddnumDrawer:20 - sum :6
17-09-12 20:04:02 INFO  AddnumDrawer:20 - sum :6
17-09-12 20:04:02 INFO  AddnumDrawer:20 - sum :6
17-09-12 20:04:02 INFO  AddnumDrawer:20 - sum :6
17-09-12 20:04:02 INFO  AddnumDrawer:20 - sum :6
17-09-12 20:04:02 INFO  AddnumDrawer:20 - sum :6
17-09-12 20:04:02 INFO  AddnumDrawer:20 - sum :6
17-09-12 20:04:02 INFO  AddnumDrawer:20 - sum :6
17-09-12 20:04:02 INFO  AddnumDrawer:20 - sum :6
17-09-12 20:04:02 INFO  AddnumDrawer:20 - sum :6
17-09-12 20:04:02 INFO  AddnumDrawer:20 - sum :6
17-09-12 20:04:02 INFO  AddnumDrawer:20 - sum :6
17-09-12 20:04:02 INFO  AddnumDrawer:20 - sum :6
17-09-12 20:04:02 INFO  AddnumDrawer:20 - sum :6
17-09-12 20:04:02 INFO  AddnumDrawer:20 - sum :6
17-09-12 20:04:02 INFO  AddnumDrawer:20 - sum :6
17-09-12 20:04:02 INFO  AddnumDrawer:20 - sum :6
17-09-12 20:04:02 INFO  AddnumDrawer:20 - sum :6
17-09-12 20:04:02 INFO  AddnumDrawer:20 - sum :6
17-09-12 20:04:02 INFO  AddnumDrawer:20 - sum :6
17-09-12 20:04:02 INFO  AddnumDrawer:20 - sum :6
17-09-12 20:04:02 INFO  AddnumDrawer:20 - sum :6
17-09-12 20:04:02 INFO  AddnumDrawer:20 - sum :6
17-09-12 20:04:02 INFO  AddnumDrawer:20 - sum :6
17-09-12 20:04:02 INFO  AddnumDrawer:20 - sum :6
17-09-12 20:04:02 INFO  AddnumDrawer:20 - sum :6
17-09-12 20:04:02 INFO  AddnumDrawer:20 - sum :6
17-09-12 20:04:02 INFO  AddnumDrawer:20 - sum :6
17-09-12 20:04:02 INFO  AddnumDrawer:20 - sum :6
17-09-12 20:04:02 INFO  AddnumDrawer:20 - sum :6
17-09-12 20:04:02 INFO  AddnumDrawer:20 - sum :6
17-09-12 20:04:02 INFO  AddnumDrawer:20 - sum :6
17-09-12 20:04:02 INFO  AddnumDrawer:20 - sum :6
17-09-12 20:04:02 INFO  AddnumDrawer:20 - sum :6
17-09-12 20:04:02 INFO  AddnumDrawer:20 - sum :6
17-09-12 20:04:02 INFO  AddnumDrawer:20 - sum :6
17-09-12 20:04:02 INFO  AddnumDrawer:20 - sum :6
17-09-12 20:04:02 INFO  AddnumDrawer:20 - sum :6
17-09-12 20:04:02 INFO  AddnumDrawer:20 - sum :6
17-09-12 20:04:02 INFO  AddnumDrawer:20 - sum :6
17-09-12 20:04:02 INFO  AddnumDrawer:20 - sum :6
17-09-12 20:04:02 INFO  AddnumDrawer:20 - sum :6
17-09-12 20:04:02 INFO  AddnumDrawer:20 - sum :6
17-09-12 20:04:02 INFO  AddnumDrawer:20 - sum :6
17-09-12 20:04:02 INFO  AddnumDrawer:20 - sum :6
17-09-12 20:04:03 INFO  AddnumDrawer:20 - sum :6
17-09-12 20:04:03 INFO  AddnumDrawer:20 - sum :6
17-09-12 20:04:03 INFO  AddnumDrawer:20 - sum :6
17-09-12 20:04:03 INFO  AddnumDrawer:20 - sum :6
17-09-12 20:04:03 INFO  AddnumDrawer:20 - sum :6
17-09-12 20:04:03 INFO  AddnumDrawer:20 - sum :6
17-09-12 20:04:03 INFO  AddnumDrawer:20 - sum :6
17-09-12 20:04:03 INFO  AddnumDrawer:20 - sum :6
17-09-12 20:04:03 INFO  AddnumDrawer:20 - sum :6
17-09-12 20:04:03 INFO  AddnumDrawer:20 - sum :6
17-09-12 20:04:03 INFO  AddnumDrawer:20 - sum :6
17-09-12 20:04:03 INFO  AddnumDrawer:20 - sum :6
17-09-12 20:04:03 INFO  AddnumDrawer:20 - sum :6
17-09-12 20:04:03 INFO  AddnumDrawer:20 - sum :6
17-09-12 20:04:03 INFO  AddnumDrawer:20 - sum :6
17-09-12 20:04:03 INFO  AddnumDrawer:20 - sum :6
17-09-12 20:04:03 INFO  AddnumDrawer:20 - sum :6
17-09-12 20:04:03 INFO  AddnumDrawer:20 - sum :6
17-09-12 20:04:03 INFO  AddnumDrawer:20 - sum :6
17-09-12 20:04:03 INFO  AddnumDrawer:20 - sum :6
17-09-12 20:04:03 INFO  AddnumDrawer:20 - sum :6
17-09-12 20:04:03 INFO  AddnumDrawer:20 - sum :6
17-09-12 20:04:03 INFO  AddnumDrawer:20 - sum :6
17-09-12 20:04:03 INFO  AddnumDrawer:20 - sum :6
17-09-12 20:04:03 INFO  AddnumDrawer:20 - sum :6
17-09-12 20:04:03 INFO  AddnumDrawer:20 - sum :6
17-09-12 20:04:03 INFO  AddnumDrawer:20 - sum :6
17-09-12 20:04:03 INFO  AddnumDrawer:20 - sum :6
17-09-12 20:04:03 INFO  AddnumDrawer:20 - sum :6
17-09-12 20:04:03 INFO  AddnumDrawer:20 - sum :6
17-09-12 20:04:03 INFO  AddnumDrawer:20 - sum :6
17-09-12 20:04:03 INFO  AddnumDrawer:20 - sum :6
17-09-12 20:04:03 INFO  AddnumDrawer:20 - sum :6
17-09-12 20:04:03 INFO  AddnumDrawer:20 - sum :6
17-09-12 20:04:03 INFO  AddnumDrawer:20 - sum :6
17-09-12 20:04:03 INFO  AddnumDrawer:20 - sum :6
17-09-12 20:04:03 INFO  AddnumDrawer:20 - sum :6
17-09-12 20:04:03 INFO  AddnumDrawer:20 - sum :6
17-09-12 20:04:03 INFO  AddnumDrawer:20 - sum :6
17-09-12 20:04:03 INFO  AddnumDrawer:20 - sum :6
17-09-12 20:04:03 INFO  AddnumDrawer:20 - sum :6
17-09-12 20:04:03 INFO  AddnumDrawer:20 - sum :6
17-09-12 20:04:03 INFO  AddnumDrawer:20 - sum :6
17-09-12 20:04:03 INFO  AddnumDrawer:20 - sum :6
17-09-12 20:04:03 INFO  AddnumDrawer:20 - sum :6
17-09-12 20:04:03 INFO  AddnumDrawer:20 - sum :6
17-09-12 20:04:03 INFO  AddnumDrawer:20 - sum :6
17-09-12 20:04:03 INFO  AddnumDrawer:20 - sum :6
17-09-12 20:04:03 INFO  AddnumDrawer:20 - sum :6
17-09-12 20:04:03 INFO  AddnumDrawer:20 - sum :6
17-09-12 20:04:03 INFO  AddnumDrawer:20 - sum :6
17-09-12 20:04:03 INFO  AddnumDrawer:20 - sum :6
17-09-12 20:04:03 INFO  AddnumDrawer:20 - sum :6
17-09-12 20:04:03 INFO  AddnumDrawer:20 - sum :6
17-09-12 20:04:03 INFO  AddnumDrawer:20 - sum :6
17-09-12 20:04:03 INFO  AddnumDrawer:20 - sum :6
17-09-12 20:04:03 INFO  AddnumDrawer:20 - sum :6
17-09-12 20:04:03 INFO  AddnumDrawer:20 - sum :6
17-09-12 20:04:03 INFO  AddnumDrawer:20 - sum :6
17-09-12 20:04:03 INFO  AddnumDrawer:20 - sum :6
17-09-12 20:04:03 INFO  AddnumDrawer:20 - sum :6
17-09-12 20:04:03 INFO  AddnumDrawer:20 - sum :6
17-09-12 20:04:03 INFO  AddnumDrawer:20 - sum :6
17-09-12 20:04:03 INFO  AddnumDrawer:20 - sum :6
17-09-12 20:04:03 INFO  AddnumDrawer:20 - sum :6
17-09-12 20:04:03 INFO  AddnumDrawer:20 - sum :6
17-09-12 20:04:03 INFO  AddnumDrawer:20 - sum :6
17-09-12 20:04:03 INFO  AddnumDrawer:20 - sum :6
17-09-12 20:04:03 INFO  AddnumDrawer:20 - sum :6
17-09-12 20:04:03 INFO  AddnumDrawer:20 - sum :6
17-09-12 20:04:03 INFO  AddnumDrawer:20 - sum :6
17-09-12 20:04:03 INFO  AddnumDrawer:20 - sum :6
17-09-12 20:04:03 INFO  AddnumDrawer:20 - sum :6
17-09-12 20:04:03 INFO  AddnumDrawer:20 - sum :6
17-09-12 20:04:03 INFO  AddnumDrawer:20 - sum :6
17-09-12 20:04:03 INFO  AddnumDrawer:20 - sum :6
17-09-12 20:04:03 INFO  AddnumDrawer:20 - sum :6
17-09-12 20:04:03 INFO  AddnumDrawer:20 - sum :6
17-09-12 20:04:03 INFO  AddnumDrawer:20 - sum :6
17-09-12 20:04:03 INFO  AddnumDrawer:20 - sum :6
17-09-12 20:04:03 INFO  AddnumDrawer:20 - sum :6
17-09-12 20:04:03 INFO  AddnumDrawer:20 - sum :6
17-09-12 20:04:03 INFO  AddnumDrawer:20 - sum :6
17-09-12 20:04:03 INFO  AddnumDrawer:20 - sum :6
17-09-12 20:04:03 INFO  AddnumDrawer:20 - sum :6
17-09-12 20:04:03 INFO  AddnumDrawer:20 - sum :6
17-09-12 20:04:03 INFO  AddnumDrawer:20 - sum :6
17-09-12 20:04:03 INFO  AddnumDrawer:20 - sum :6
17-09-12 20:04:04 INFO  AddnumDrawer:20 - sum :6
17-09-12 20:04:04 INFO  AddnumDrawer:20 - sum :6
17-09-12 20:04:04 INFO  AddnumDrawer:20 - sum :6
17-09-12 20:04:04 INFO  AddnumDrawer:20 - sum :6
17-09-12 20:04:04 INFO  AddnumDrawer:20 - sum :6
17-09-12 20:04:04 INFO  AddnumDrawer:20 - sum :6
17-09-12 20:04:04 INFO  AddnumDrawer:20 - sum :6
17-09-12 20:04:04 INFO  AddnumDrawer:20 - sum :6
17-09-12 20:04:04 INFO  AddnumDrawer:20 - sum :6
17-09-12 20:04:04 INFO  AddnumDrawer:20 - sum :6
17-09-12 20:04:04 INFO  AddnumDrawer:20 - sum :6
17-09-12 20:04:04 INFO  AddnumDrawer:20 - sum :6
17-09-12 20:04:04 INFO  AddnumDrawer:20 - sum :6
17-09-12 20:04:04 INFO  AddnumDrawer:20 - sum :6
17-09-12 20:04:04 INFO  AddnumDrawer:20 - sum :6
17-09-12 20:04:04 INFO  AddnumDrawer:20 - sum :6
17-09-12 20:04:04 INFO  AddnumDrawer:20 - sum :6
17-09-12 20:04:04 INFO  AddnumDrawer:20 - sum :6
17-09-12 20:04:04 INFO  AddnumDrawer:20 - sum :6
17-09-12 20:04:04 INFO  AddnumDrawer:20 - sum :6
17-09-12 20:04:04 INFO  AddnumDrawer:20 - sum :6
17-09-12 20:04:04 INFO  AddnumDrawer:20 - sum :6
17-09-12 20:04:04 INFO  AddnumDrawer:20 - sum :6
17-09-12 20:04:04 INFO  AddnumDrawer:20 - sum :6
17-09-12 20:04:04 INFO  AddnumDrawer:20 - sum :6
17-09-12 20:04:04 INFO  AddnumDrawer:20 - sum :6
17-09-12 20:04:04 INFO  AddnumDrawer:20 - sum :6
17-09-12 20:04:04 INFO  AddnumDrawer:20 - sum :6
17-09-12 20:04:04 INFO  AddnumDrawer:20 - sum :6
17-09-12 20:04:04 INFO  AddnumDrawer:20 - sum :6
17-09-12 20:04:04 INFO  AddnumDrawer:20 - sum :6
17-09-12 20:04:04 INFO  AddnumDrawer:20 - sum :6
17-09-12 20:04:04 INFO  AddnumDrawer:20 - sum :6
17-09-12 20:04:04 INFO  AddnumDrawer:20 - sum :6
17-09-12 20:04:04 INFO  AddnumDrawer:20 - sum :6
17-09-12 20:04:04 INFO  AddnumDrawer:20 - sum :6
17-09-12 20:04:04 INFO  AddnumDrawer:20 - sum :6
17-09-12 20:04:04 INFO  AddnumDrawer:20 - sum :6
17-09-12 20:04:04 INFO  AddnumDrawer:20 - sum :6
17-09-12 20:04:04 INFO  AddnumDrawer:20 - sum :6
17-09-12 20:04:04 INFO  AddnumDrawer:20 - sum :6
17-09-12 20:04:04 INFO  AddnumDrawer:20 - sum :6
17-09-12 20:04:04 INFO  AddnumDrawer:20 - sum :6
17-09-12 20:04:04 INFO  AddnumDrawer:20 - sum :6
17-09-12 20:04:04 INFO  AddnumDrawer:20 - sum :6
17-09-12 20:04:04 INFO  AddnumDrawer:20 - sum :6
17-09-12 20:04:04 INFO  AddnumDrawer:20 - sum :6
17-09-12 20:04:04 INFO  AddnumDrawer:20 - sum :6
17-09-12 20:04:04 INFO  AddnumDrawer:20 - sum :6
17-09-12 20:04:04 INFO  AddnumDrawer:20 - sum :6
17-09-12 20:04:04 INFO  AddnumDrawer:20 - sum :6
17-09-12 20:04:04 INFO  AddnumDrawer:20 - sum :6
17-09-12 20:04:04 INFO  AddnumDrawer:20 - sum :6
17-09-12 20:04:04 INFO  AddnumDrawer:20 - sum :6
17-09-12 20:04:04 INFO  AddnumDrawer:20 - sum :6
17-09-12 20:04:04 INFO  AddnumDrawer:20 - sum :6
17-09-12 20:04:04 INFO  AddnumDrawer:20 - sum :6
17-09-12 20:04:04 INFO  AddnumDrawer:20 - sum :6
17-09-12 20:04:04 INFO  AddnumDrawer:20 - sum :6
17-09-12 20:04:04 INFO  AddnumDrawer:20 - sum :6
17-09-12 20:04:04 INFO  AddnumDrawer:20 - sum :6
17-09-12 20:04:04 INFO  AddnumDrawer:20 - sum :6
17-09-12 20:04:04 INFO  AddnumDrawer:20 - sum :6
17-09-12 20:04:04 INFO  AddnumDrawer:20 - sum :6
17-09-12 20:04:04 INFO  AddnumDrawer:20 - sum :6
17-09-12 20:04:04 INFO  AddnumDrawer:20 - sum :6
17-09-12 20:04:04 INFO  AddnumDrawer:20 - sum :6
17-09-12 20:04:04 INFO  AddnumDrawer:20 - sum :6
17-09-12 20:04:04 INFO  AddnumDrawer:20 - sum :6
17-09-12 20:04:04 INFO  AddnumDrawer:20 - sum :6
17-09-12 20:04:04 INFO  AddnumDrawer:20 - sum :6
17-09-12 20:04:04 INFO  AddnumDrawer:20 - sum :6
17-09-12 20:04:04 INFO  AddnumDrawer:20 - sum :6
17-09-12 20:04:04 INFO  AddnumDrawer:20 - sum :6
17-09-12 20:04:04 INFO  AddnumDrawer:20 - sum :6
17-09-12 20:04:04 INFO  AddnumDrawer:20 - sum :6
17-09-12 20:04:04 INFO  AddnumDrawer:20 - sum :6
17-09-12 20:04:04 INFO  AddnumDrawer:20 - sum :6
17-09-12 20:04:04 INFO  AddnumDrawer:20 - sum :6
17-09-12 20:04:04 INFO  AddnumDrawer:20 - sum :6
17-09-12 20:04:04 INFO  AddnumDrawer:20 - sum :6
17-09-12 20:04:04 INFO  AddnumDrawer:20 - sum :6
17-09-12 20:04:04 INFO  AddnumDrawer:20 - sum :6
17-09-12 20:04:04 INFO  AddnumDrawer:20 - sum :6
17-09-12 20:04:04 INFO  AddnumDrawer:20 - sum :6
17-09-12 20:04:04 INFO  AddnumDrawer:20 - sum :6
17-09-12 20:04:04 INFO  AddnumDrawer:20 - sum :6
17-09-12 20:04:04 INFO  AddnumDrawer:20 - sum :6
17-09-12 20:04:04 INFO  AddnumDrawer:20 - sum :6
17-09-12 20:04:04 INFO  AddnumDrawer:20 - sum :6
17-09-12 20:04:04 INFO  AddnumDrawer:20 - sum :6
17-09-12 20:04:04 INFO  AddnumDrawer:20 - sum :6
17-09-12 20:04:05 INFO  AddnumDrawer:20 - sum :6
17-09-12 20:04:05 INFO  AddnumDrawer:20 - sum :6
17-09-12 20:04:05 INFO  AddnumDrawer:20 - sum :6
17-09-12 20:04:05 INFO  AddnumDrawer:20 - sum :6
17-09-12 20:04:05 INFO  AddnumDrawer:20 - sum :6
17-09-12 20:04:05 INFO  AddnumDrawer:20 - sum :6
17-09-12 20:04:05 INFO  AddnumDrawer:20 - sum :6
17-09-12 20:04:05 INFO  AddnumDrawer:20 - sum :6
17-09-12 20:04:05 INFO  AddnumDrawer:20 - sum :6
17-09-12 20:04:05 INFO  AddnumDrawer:20 - sum :6
17-09-12 20:04:05 INFO  AddnumDrawer:20 - sum :6
17-09-12 20:04:05 INFO  AddnumDrawer:20 - sum :6
17-09-12 20:04:05 INFO  AddnumDrawer:20 - sum :6
17-09-12 20:04:05 INFO  AddnumDrawer:20 - sum :6
17-09-12 20:04:05 INFO  AddnumDrawer:20 - sum :6
17-09-12 20:04:05 INFO  AddnumDrawer:20 - sum :6
17-09-12 20:04:05 INFO  AddnumDrawer:20 - sum :6
17-09-12 20:04:05 INFO  AddnumDrawer:20 - sum :6
17-09-12 20:04:05 INFO  AddnumDrawer:20 - sum :6
17-09-12 20:04:05 INFO  AddnumDrawer:20 - sum :6
17-09-12 20:04:05 INFO  AddnumDrawer:20 - sum :6
17-09-12 20:04:05 INFO  AddnumDrawer:20 - sum :6
17-09-12 20:04:05 INFO  AddnumDrawer:20 - sum :6
17-09-12 20:04:05 INFO  AddnumDrawer:20 - sum :6
17-09-12 20:04:05 INFO  AddnumDrawer:20 - sum :6
17-09-12 20:04:05 INFO  AddnumDrawer:20 - sum :6
17-09-12 20:04:05 INFO  AddnumDrawer:20 - sum :6
17-09-12 20:04:05 INFO  AddnumDrawer:20 - sum :6
17-09-12 20:04:05 INFO  AddnumDrawer:20 - sum :6
17-09-12 20:04:05 INFO  AddnumDrawer:20 - sum :6
17-09-12 20:04:05 INFO  AddnumDrawer:20 - sum :6
17-09-12 20:04:05 INFO  AddnumDrawer:20 - sum :6
17-09-12 20:04:05 INFO  AddnumDrawer:20 - sum :6
17-09-12 20:04:05 INFO  AddnumDrawer:20 - sum :6
17-09-12 20:04:05 INFO  AddnumDrawer:20 - sum :6
17-09-12 20:04:05 INFO  AddnumDrawer:20 - sum :6
17-09-12 20:04:05 INFO  AddnumDrawer:20 - sum :6
17-09-12 20:04:05 INFO  AddnumDrawer:20 - sum :6
17-09-12 20:04:05 INFO  AddnumDrawer:20 - sum :6
17-09-12 20:04:05 INFO  AddnumDrawer:20 - sum :6
17-09-12 20:04:05 INFO  AddnumDrawer:20 - sum :6
17-09-12 20:04:05 INFO  AddnumDrawer:20 - sum :6
17-09-12 20:04:05 INFO  AddnumDrawer:20 - sum :6
17-09-12 20:04:05 INFO  AddnumDrawer:20 - sum :6
17-09-12 20:04:05 INFO  AddnumDrawer:20 - sum :6
17-09-12 20:04:05 INFO  AddnumDrawer:20 - sum :6
17-09-12 20:04:05 INFO  AddnumDrawer:20 - sum :6
17-09-12 20:04:05 INFO  AddnumDrawer:20 - sum :6
17-09-12 20:04:05 INFO  AddnumDrawer:20 - sum :6
17-09-12 20:04:05 INFO  AddnumDrawer:20 - sum :6
17-09-12 20:04:05 INFO  AddnumDrawer:20 - sum :6
17-09-12 20:04:05 INFO  AddnumDrawer:20 - sum :6
17-09-12 20:04:05 INFO  AddnumDrawer:20 - sum :6
17-09-12 20:04:05 INFO  AddnumDrawer:20 - sum :6
17-09-12 20:04:05 INFO  AddnumDrawer:20 - sum :6
17-09-12 20:04:05 INFO  AddnumDrawer:20 - sum :6
17-09-12 20:04:05 INFO  AddnumDrawer:20 - sum :6
17-09-12 20:04:05 INFO  AddnumDrawer:20 - sum :6
17-09-12 20:04:05 INFO  AddnumDrawer:20 - sum :6
17-09-12 20:04:05 INFO  AddnumDrawer:20 - sum :6
17-09-12 20:04:05 INFO  AddnumDrawer:20 - sum :6
17-09-12 20:04:05 INFO  AddnumDrawer:20 - sum :6
17-09-12 20:04:05 INFO  AddnumDrawer:20 - sum :6
17-09-12 20:04:05 INFO  AddnumDrawer:20 - sum :6
17-09-12 20:04:05 INFO  AddnumDrawer:20 - sum :6
17-09-12 20:04:05 INFO  AddnumDrawer:20 - sum :6
17-09-12 20:04:05 INFO  AddnumDrawer:20 - sum :6
17-09-12 20:04:05 INFO  AddnumDrawer:20 - sum :6
17-09-12 20:04:05 INFO  AddnumDrawer:20 - sum :6
17-09-12 20:04:05 INFO  AddnumDrawer:20 - sum :6
17-09-12 20:04:05 INFO  AddnumDrawer:20 - sum :6
17-09-12 20:04:05 INFO  AddnumDrawer:20 - sum :6
17-09-12 20:04:05 INFO  AddnumDrawer:20 - sum :6
17-09-12 20:04:05 INFO  AddnumDrawer:20 - sum :6
17-09-12 20:04:05 INFO  AddnumDrawer:20 - sum :6
17-09-12 20:04:05 INFO  AddnumDrawer:20 - sum :6
17-09-12 20:04:05 INFO  AddnumDrawer:20 - sum :6
17-09-12 20:04:05 INFO  AddnumDrawer:20 - sum :6
17-09-12 20:04:05 INFO  AddnumDrawer:20 - sum :6
17-09-12 20:04:05 INFO  AddnumDrawer:20 - sum :6
17-09-12 20:04:05 INFO  AddnumDrawer:20 - sum :6
17-09-12 20:04:05 INFO  AddnumDrawer:20 - sum :6
17-09-12 20:04:05 INFO  AddnumDrawer:20 - sum :6
17-09-12 20:04:05 INFO  AddnumDrawer:20 - sum :6
17-09-12 20:04:05 INFO  AddnumDrawer:20 - sum :6
17-09-12 20:04:05 INFO  AddnumDrawer:20 - sum :6
17-09-12 20:04:05 INFO  AddnumDrawer:20 - sum :6
17-09-12 20:04:05 INFO  AddnumDrawer:20 - sum :6
17-09-12 20:04:05 INFO  AddnumDrawer:20 - sum :6
17-09-12 20:04:05 INFO  AddnumDrawer:20 - sum :6
17-09-12 20:04:05 INFO  AddnumDrawer:20 - sum :6
17-09-12 20:04:05 INFO  AddnumDrawer:20 - sum :6
17-09-12 20:04:06 INFO  AddnumDrawer:20 - sum :6
17-09-12 20:04:06 INFO  AddnumDrawer:20 - sum :6
17-09-12 20:04:06 INFO  AddnumDrawer:20 - sum :6
17-09-12 20:04:06 INFO  AddnumDrawer:20 - sum :6
17-09-12 20:04:06 INFO  AddnumDrawer:20 - sum :6
17-09-12 20:04:06 INFO  AddnumDrawer:20 - sum :6
17-09-12 20:04:06 INFO  AddnumDrawer:20 - sum :6
17-09-12 20:04:06 INFO  AddnumDrawer:20 - sum :6
17-09-12 20:04:06 INFO  AddnumDrawer:20 - sum :6
17-09-12 20:04:06 INFO  AddnumDrawer:20 - sum :6
17-09-12 20:04:06 INFO  AddnumDrawer:20 - sum :6
17-09-12 20:04:06 INFO  AddnumDrawer:20 - sum :6
17-09-12 20:04:06 INFO  AddnumDrawer:20 - sum :6
17-09-12 20:04:06 INFO  AddnumDrawer:20 - sum :6
17-09-12 20:04:06 INFO  AddnumDrawer:20 - sum :6
17-09-12 20:04:06 INFO  AddnumDrawer:20 - sum :6
17-09-12 20:04:06 INFO  AddnumDrawer:20 - sum :6
17-09-12 20:04:06 INFO  AddnumDrawer:20 - sum :6
17-09-12 20:04:06 INFO  AddnumDrawer:20 - sum :6
17-09-12 20:04:06 INFO  AddnumDrawer:20 - sum :6
17-09-12 20:04:06 INFO  AddnumDrawer:20 - sum :6
17-09-12 20:04:06 INFO  AddnumDrawer:20 - sum :6
17-09-12 20:04:06 INFO  AddnumDrawer:20 - sum :6
17-09-12 20:04:06 INFO  AddnumDrawer:20 - sum :6
17-09-12 20:04:06 INFO  AddnumDrawer:20 - sum :6
17-09-12 20:04:06 INFO  AddnumDrawer:20 - sum :6
17-09-12 20:04:06 INFO  AddnumDrawer:20 - sum :6
17-09-12 20:04:06 INFO  AddnumDrawer:20 - sum :6
17-09-12 20:04:06 INFO  AddnumDrawer:20 - sum :6
17-09-12 20:04:06 INFO  AddnumDrawer:20 - sum :6
17-09-12 20:04:06 INFO  AddnumDrawer:20 - sum :6
17-09-12 20:04:06 INFO  AddnumDrawer:20 - sum :6
17-09-12 20:04:06 INFO  AddnumDrawer:20 - sum :6
17-09-12 20:04:06 INFO  AddnumDrawer:20 - sum :6
17-09-12 20:04:06 INFO  AddnumDrawer:20 - sum :6
17-09-12 20:04:06 INFO  AddnumDrawer:20 - sum :6
17-09-12 20:04:06 INFO  AddnumDrawer:20 - sum :6
17-09-12 20:04:06 INFO  AddnumDrawer:20 - sum :6
17-09-12 20:04:06 INFO  AddnumDrawer:20 - sum :6
17-09-12 20:04:06 INFO  AddnumDrawer:20 - sum :6
17-09-12 20:04:06 INFO  AddnumDrawer:20 - sum :6
17-09-12 20:04:06 INFO  AddnumDrawer:20 - sum :6
17-09-12 20:04:06 INFO  AddnumDrawer:20 - sum :6
17-09-12 20:04:06 INFO  AddnumDrawer:20 - sum :6
17-09-12 20:04:06 INFO  AddnumDrawer:20 - sum :6
17-09-12 20:04:06 INFO  AddnumDrawer:20 - sum :6
17-09-12 20:04:06 INFO  AddnumDrawer:20 - sum :6
17-09-12 20:04:06 INFO  AddnumDrawer:20 - sum :6
17-09-12 20:04:06 INFO  AddnumDrawer:20 - sum :6
17-09-12 20:04:06 INFO  AddnumDrawer:20 - sum :6
17-09-12 20:04:06 INFO  AddnumDrawer:20 - sum :6
17-09-12 20:04:06 INFO  AddnumDrawer:20 - sum :6
17-09-12 20:04:06 INFO  AddnumDrawer:20 - sum :6
17-09-12 20:04:06 INFO  AddnumDrawer:20 - sum :6
17-09-12 20:04:06 INFO  AddnumDrawer:20 - sum :6
17-09-12 20:04:06 INFO  AddnumDrawer:20 - sum :6
17-09-12 20:04:06 INFO  AddnumDrawer:20 - sum :6
17-09-12 20:04:06 INFO  AddnumDrawer:20 - sum :6
17-09-12 20:04:06 INFO  AddnumDrawer:20 - sum :6
17-09-12 20:04:06 INFO  AddnumDrawer:20 - sum :6
17-09-12 20:07:50 DEBUG JLog:23 - JavaLoggingTest:sample debug
17-09-12 20:07:50 ERROR JLog:13 - JavaLoggingTest:sample error
17-09-12 20:07:50 INFO  JLog:18 - JavaLoggingTest:sample info
17-09-12 20:07:55 DEBUG JLog:23 - JavaLoggingTest:sample debug
17-09-12 20:07:55 ERROR JLog:13 - JavaLoggingTest:sample error
17-09-12 20:07:55 INFO  JLog:18 - JavaLoggingTest:sample info
17-09-12 20:08:47 DEBUG JLog:23 - JavaLoggingTest:sample debug
17-09-12 20:08:47 ERROR JLog:13 - JavaLoggingTest:sample error
17-09-12 20:08:47 INFO  JLog:18 - JavaLoggingTest:sample info
17-09-12 20:08:52 DEBUG JLog:23 - JavaLoggingTest:sample debug
17-09-12 20:08:52 ERROR JLog:13 - JavaLoggingTest:sample error
17-09-12 20:08:52 INFO  JLog:18 - JavaLoggingTest:sample info
17-09-12 20:09:00 INFO  AddnumDrawer:20 - sum :0
17-09-12 20:09:00 INFO  AddnumDrawer:20 - sum :0
17-09-12 20:09:00 INFO  AddnumDrawer:20 - sum :0
17-09-12 20:09:00 INFO  AddnumDrawer:20 - sum :0
17-09-12 20:09:00 INFO  AddnumDrawer:20 - sum :0
17-09-12 20:09:00 INFO  AddnumDrawer:20 - sum :0
17-09-12 20:09:00 INFO  AddnumDrawer:20 - sum :0
17-09-12 20:09:00 INFO  AddnumDrawer:20 - sum :0
17-09-12 20:09:00 INFO  AddnumDrawer:20 - sum :0
17-09-12 20:09:00 INFO  AddnumDrawer:20 - sum :0
17-09-12 20:09:00 INFO  AddnumDrawer:20 - sum :0
17-09-12 20:09:00 INFO  AddnumDrawer:20 - sum :0
17-09-12 20:09:00 INFO  AddnumDrawer:20 - sum :0
17-09-12 20:09:00 INFO  AddnumDrawer:20 - sum :0
17-09-12 20:09:00 INFO  AddnumDrawer:20 - sum :0
17-09-12 20:09:00 INFO  AddnumDrawer:20 - sum :0
17-09-12 20:09:00 INFO  AddnumDrawer:20 - sum :0
17-09-12 20:09:00 INFO  AddnumDrawer:20 - sum :0
17-09-12 20:09:00 INFO  AddnumDrawer:20 - sum :0
17-09-12 20:09:00 INFO  AddnumDrawer:20 - sum :0
17-09-12 20:09:00 INFO  AddnumDrawer:20 - sum :0
17-09-12 20:09:00 INFO  AddnumDrawer:20 - sum :0
17-09-12 20:09:00 INFO  AddnumDrawer:20 - sum :0
17-09-12 20:09:00 INFO  AddnumDrawer:20 - sum :0
17-09-12 20:09:00 INFO  AddnumDrawer:20 - sum :0
17-09-12 20:09:00 INFO  AddnumDrawer:20 - sum :2
17-09-12 20:09:00 INFO  AddnumDrawer:20 - sum :0
17-09-12 20:09:00 INFO  AddnumDrawer:20 - sum :0
17-09-12 20:09:00 INFO  AddnumDrawer:20 - sum :0
17-09-12 20:09:00 INFO  AddnumDrawer:20 - sum :2
17-09-12 20:09:00 INFO  AddnumDrawer:20 - sum :6
17-09-12 20:09:00 INFO  AddnumDrawer:20 - sum :0
17-09-12 20:09:01 INFO  AddnumDrawer:20 - sum :0
17-09-12 20:09:01 INFO  AddnumDrawer:20 - sum :2
17-09-12 20:09:01 INFO  AddnumDrawer:20 - sum :6
17-09-12 20:09:01 INFO  AddnumDrawer:20 - sum :0
17-09-12 20:09:01 INFO  AddnumDrawer:20 - sum :0
17-09-12 20:09:01 INFO  AddnumDrawer:20 - sum :2
17-09-12 20:09:01 INFO  AddnumDrawer:20 - sum :6
17-09-12 20:09:01 INFO  AddnumDrawer:20 - sum :12
17-09-12 20:09:01 INFO  AddnumDrawer:20 - sum :0
17-09-12 20:09:01 INFO  AddnumDrawer:20 - sum :2
17-09-12 20:09:01 INFO  AddnumDrawer:20 - sum :6
17-09-12 20:09:01 INFO  AddnumDrawer:20 - sum :12
17-09-12 20:09:01 INFO  AddnumDrawer:20 - sum :12
17-09-12 20:09:01 INFO  AddnumDrawer:20 - sum :12
17-09-12 20:09:01 INFO  AddnumDrawer:20 - sum :12
17-09-12 20:09:01 INFO  AddnumDrawer:20 - sum :12
17-09-12 20:09:01 INFO  AddnumDrawer:20 - sum :12
17-09-12 20:09:01 INFO  AddnumDrawer:20 - sum :12
17-09-12 20:09:01 INFO  AddnumDrawer:20 - sum :12
17-09-12 20:09:01 INFO  AddnumDrawer:20 - sum :12
17-09-12 20:09:01 INFO  AddnumDrawer:20 - sum :12
17-09-12 20:09:01 INFO  AddnumDrawer:20 - sum :12
17-09-12 20:09:01 INFO  AddnumDrawer:20 - sum :12
17-09-12 20:09:01 INFO  AddnumDrawer:20 - sum :12
17-09-12 20:09:01 INFO  AddnumDrawer:20 - sum :12
17-09-12 20:09:01 INFO  AddnumDrawer:20 - sum :12
17-09-12 20:09:01 INFO  AddnumDrawer:20 - sum :12
17-09-12 20:09:01 INFO  AddnumDrawer:20 - sum :12
17-09-12 20:09:01 INFO  AddnumDrawer:20 - sum :12
17-09-12 20:09:01 INFO  AddnumDrawer:20 - sum :12
17-09-12 20:09:01 INFO  AddnumDrawer:20 - sum :12
17-09-12 20:09:01 INFO  AddnumDrawer:20 - sum :12
17-09-12 20:09:01 INFO  AddnumDrawer:20 - sum :12
17-09-12 20:09:01 INFO  AddnumDrawer:20 - sum :12
17-09-12 20:09:01 INFO  AddnumDrawer:20 - sum :12
17-09-12 20:09:01 INFO  AddnumDrawer:20 - sum :12
17-09-12 20:09:01 INFO  AddnumDrawer:20 - sum :12
17-09-12 20:09:01 INFO  AddnumDrawer:20 - sum :12
17-09-12 20:09:01 INFO  AddnumDrawer:20 - sum :12
17-09-12 20:09:01 INFO  AddnumDrawer:20 - sum :12
17-09-12 20:09:01 INFO  AddnumDrawer:20 - sum :12
17-09-12 20:09:01 INFO  AddnumDrawer:20 - sum :12
17-09-12 20:09:01 INFO  AddnumDrawer:20 - sum :12
17-09-12 20:09:01 INFO  AddnumDrawer:20 - sum :12
17-09-12 20:09:01 INFO  AddnumDrawer:20 - sum :12
17-09-12 20:09:01 INFO  AddnumDrawer:20 - sum :12
17-09-12 20:09:01 INFO  AddnumDrawer:20 - sum :12
17-09-12 20:09:01 INFO  AddnumDrawer:20 - sum :12
17-09-12 20:09:01 INFO  AddnumDrawer:20 - sum :12
17-09-12 20:09:01 INFO  AddnumDrawer:20 - sum :12
17-09-12 20:09:01 INFO  AddnumDrawer:20 - sum :12
17-09-12 20:09:01 INFO  AddnumDrawer:20 - sum :12
17-09-12 20:09:01 INFO  AddnumDrawer:20 - sum :12
17-09-12 20:09:01 INFO  AddnumDrawer:20 - sum :12
17-09-12 20:09:01 INFO  AddnumDrawer:20 - sum :12
17-09-12 20:09:01 INFO  AddnumDrawer:20 - sum :12
17-09-12 20:09:01 INFO  AddnumDrawer:20 - sum :12
17-09-12 20:09:01 INFO  AddnumDrawer:20 - sum :12
17-09-12 20:09:01 INFO  AddnumDrawer:20 - sum :12
17-09-12 20:09:01 INFO  AddnumDrawer:20 - sum :12
17-09-12 20:09:01 INFO  AddnumDrawer:20 - sum :12
17-09-12 20:09:01 INFO  AddnumDrawer:20 - sum :12
17-09-12 20:09:01 INFO  AddnumDrawer:20 - sum :12
17-09-12 20:09:01 INFO  AddnumDrawer:20 - sum :12
17-09-12 20:09:01 INFO  AddnumDrawer:20 - sum :12
17-09-12 20:09:01 INFO  AddnumDrawer:20 - sum :12
17-09-12 20:09:01 INFO  AddnumDrawer:20 - sum :12
17-09-12 20:09:01 INFO  AddnumDrawer:20 - sum :12
17-09-12 20:09:01 INFO  AddnumDrawer:20 - sum :12
17-09-12 20:09:01 INFO  AddnumDrawer:20 - sum :12
17-09-12 20:09:01 INFO  AddnumDrawer:20 - sum :12
17-09-12 20:09:01 INFO  AddnumDrawer:20 - sum :12
17-09-12 20:09:01 INFO  AddnumDrawer:20 - sum :12
17-09-12 20:09:01 INFO  AddnumDrawer:20 - sum :12
17-09-12 20:09:01 INFO  AddnumDrawer:20 - sum :12
17-09-12 20:09:01 INFO  AddnumDrawer:20 - sum :12
17-09-12 20:09:01 INFO  AddnumDrawer:20 - sum :12
17-09-12 20:09:01 INFO  AddnumDrawer:20 - sum :12
17-09-12 20:09:01 INFO  AddnumDrawer:20 - sum :12
17-09-12 20:09:01 INFO  AddnumDrawer:20 - sum :12
17-09-12 20:09:01 INFO  AddnumDrawer:20 - sum :12
17-09-12 20:09:01 INFO  AddnumDrawer:20 - sum :12
17-09-12 20:09:01 INFO  AddnumDrawer:20 - sum :12
17-09-12 20:09:01 INFO  AddnumDrawer:20 - sum :12
17-09-12 20:09:01 INFO  AddnumDrawer:20 - sum :12
17-09-12 20:09:01 INFO  AddnumDrawer:20 - sum :12
17-09-12 20:09:01 INFO  AddnumDrawer:20 - sum :12
17-09-12 20:09:01 INFO  AddnumDrawer:20 - sum :12
17-09-12 20:09:02 INFO  AddnumDrawer:20 - sum :12
17-09-12 20:09:02 INFO  AddnumDrawer:20 - sum :12
17-09-12 20:09:02 INFO  AddnumDrawer:20 - sum :12
17-09-12 20:09:02 INFO  AddnumDrawer:20 - sum :12
17-09-12 20:09:02 INFO  AddnumDrawer:20 - sum :12
17-09-12 20:09:02 INFO  AddnumDrawer:20 - sum :12
17-09-12 20:09:02 INFO  AddnumDrawer:20 - sum :12
17-09-12 20:09:02 INFO  AddnumDrawer:20 - sum :12
17-09-12 20:09:02 INFO  AddnumDrawer:20 - sum :12
17-09-12 20:09:02 INFO  AddnumDrawer:20 - sum :12
17-09-12 20:09:02 INFO  AddnumDrawer:20 - sum :12
17-09-12 20:09:02 INFO  AddnumDrawer:20 - sum :12
17-09-12 20:09:02 INFO  AddnumDrawer:20 - sum :12
17-09-12 20:09:02 INFO  AddnumDrawer:20 - sum :12
17-09-12 20:09:02 INFO  AddnumDrawer:20 - sum :12
17-09-12 20:09:02 INFO  AddnumDrawer:20 - sum :12
17-09-12 20:09:02 INFO  AddnumDrawer:20 - sum :12
17-09-12 20:09:02 INFO  AddnumDrawer:20 - sum :12
17-09-12 20:09:02 INFO  AddnumDrawer:20 - sum :12
17-09-12 20:09:02 INFO  AddnumDrawer:20 - sum :12
17-09-12 20:09:02 INFO  AddnumDrawer:20 - sum :12
17-09-12 20:09:02 INFO  AddnumDrawer:20 - sum :12
17-09-12 20:09:02 INFO  AddnumDrawer:20 - sum :12
17-09-12 20:09:02 INFO  AddnumDrawer:20 - sum :12
17-09-12 20:09:02 INFO  AddnumDrawer:20 - sum :12
17-09-12 20:09:02 INFO  AddnumDrawer:20 - sum :12
17-09-12 20:09:02 INFO  AddnumDrawer:20 - sum :12
17-09-12 20:09:02 INFO  AddnumDrawer:20 - sum :12
17-09-12 20:09:02 INFO  AddnumDrawer:20 - sum :12
17-09-12 20:09:02 INFO  AddnumDrawer:20 - sum :12
17-09-12 20:09:02 INFO  AddnumDrawer:20 - sum :12
17-09-12 20:09:02 INFO  AddnumDrawer:20 - sum :12
17-09-12 20:09:02 INFO  AddnumDrawer:20 - sum :12
17-09-12 20:09:02 INFO  AddnumDrawer:20 - sum :12
17-09-12 20:09:02 INFO  AddnumDrawer:20 - sum :12
17-09-12 20:09:02 INFO  AddnumDrawer:20 - sum :12
17-09-12 20:09:02 INFO  AddnumDrawer:20 - sum :12
17-09-12 20:09:02 INFO  AddnumDrawer:20 - sum :12
17-09-12 20:09:02 INFO  AddnumDrawer:20 - sum :12
17-09-12 20:09:02 INFO  AddnumDrawer:20 - sum :12
17-09-12 20:09:02 INFO  AddnumDrawer:20 - sum :12
17-09-12 20:09:02 INFO  AddnumDrawer:20 - sum :12
17-09-12 20:09:02 INFO  AddnumDrawer:20 - sum :12
17-09-12 20:09:02 INFO  AddnumDrawer:20 - sum :12
17-09-12 20:09:02 INFO  AddnumDrawer:20 - sum :12
17-09-12 20:09:02 INFO  AddnumDrawer:20 - sum :12
17-09-12 20:09:02 INFO  AddnumDrawer:20 - sum :12
17-09-12 20:09:02 INFO  AddnumDrawer:20 - sum :12
17-09-12 20:09:02 INFO  AddnumDrawer:20 - sum :12
17-09-12 20:09:02 INFO  AddnumDrawer:20 - sum :12
17-09-12 20:09:02 INFO  AddnumDrawer:20 - sum :12
17-09-12 20:09:02 INFO  AddnumDrawer:20 - sum :12
17-09-12 20:09:02 INFO  AddnumDrawer:20 - sum :12
17-09-12 20:09:02 INFO  AddnumDrawer:20 - sum :12
17-09-12 20:09:02 INFO  AddnumDrawer:20 - sum :12
17-09-12 20:09:02 INFO  AddnumDrawer:20 - sum :12
17-09-12 20:09:02 INFO  AddnumDrawer:20 - sum :12
17-09-12 20:09:02 INFO  AddnumDrawer:20 - sum :12
17-09-12 20:09:02 INFO  AddnumDrawer:20 - sum :12
17-09-12 20:09:02 INFO  AddnumDrawer:20 - sum :12
17-09-12 20:09:02 INFO  AddnumDrawer:20 - sum :12
17-09-12 20:09:02 INFO  AddnumDrawer:20 - sum :12
17-09-12 20:09:02 INFO  AddnumDrawer:20 - sum :12
17-09-12 20:09:02 INFO  AddnumDrawer:20 - sum :12
17-09-12 20:09:02 INFO  AddnumDrawer:20 - sum :12
17-09-12 20:09:02 INFO  AddnumDrawer:20 - sum :12
17-09-12 20:09:02 INFO  AddnumDrawer:20 - sum :12
17-09-12 20:09:02 INFO  AddnumDrawer:20 - sum :12
17-09-12 20:09:02 INFO  AddnumDrawer:20 - sum :12
17-09-12 20:09:02 INFO  AddnumDrawer:20 - sum :12
17-09-12 20:09:02 INFO  AddnumDrawer:20 - sum :12
17-09-12 20:09:02 INFO  AddnumDrawer:20 - sum :12
17-09-12 20:09:02 INFO  AddnumDrawer:20 - sum :12
17-09-12 20:09:02 INFO  AddnumDrawer:20 - sum :12
17-09-12 20:09:02 INFO  AddnumDrawer:20 - sum :12
17-09-12 20:09:02 INFO  AddnumDrawer:20 - sum :12
17-09-12 20:09:02 INFO  AddnumDrawer:20 - sum :12
17-09-12 20:09:02 INFO  AddnumDrawer:20 - sum :12
17-09-12 20:09:02 INFO  AddnumDrawer:20 - sum :12
17-09-12 20:09:02 INFO  AddnumDrawer:20 - sum :12
17-09-12 20:09:02 INFO  AddnumDrawer:20 - sum :12
17-09-12 20:09:02 INFO  AddnumDrawer:20 - sum :12
17-09-12 20:09:02 INFO  AddnumDrawer:20 - sum :12
17-09-12 20:09:02 INFO  AddnumDrawer:20 - sum :12
17-09-12 20:09:02 INFO  AddnumDrawer:20 - sum :12
17-09-12 20:09:02 INFO  AddnumDrawer:20 - sum :12
17-09-12 20:09:02 INFO  AddnumDrawer:20 - sum :12
17-09-12 20:09:02 INFO  AddnumDrawer:20 - sum :12
17-09-12 20:09:03 INFO  AddnumDrawer:20 - sum :12
17-09-12 20:09:03 INFO  AddnumDrawer:20 - sum :12
17-09-12 20:09:03 INFO  AddnumDrawer:20 - sum :12
17-09-12 20:09:03 INFO  AddnumDrawer:20 - sum :12
17-09-12 20:09:03 INFO  AddnumDrawer:20 - sum :12
17-09-12 20:09:03 INFO  AddnumDrawer:20 - sum :12
17-09-12 20:09:03 INFO  AddnumDrawer:20 - sum :12
17-09-12 20:09:03 INFO  AddnumDrawer:20 - sum :12
17-09-12 20:09:03 INFO  AddnumDrawer:20 - sum :12
17-09-12 20:09:03 INFO  AddnumDrawer:20 - sum :12
17-09-12 20:09:03 INFO  AddnumDrawer:20 - sum :12
17-09-12 20:09:03 INFO  AddnumDrawer:20 - sum :12
17-09-12 20:09:03 INFO  AddnumDrawer:20 - sum :12
17-09-12 20:09:03 INFO  AddnumDrawer:20 - sum :12
17-09-12 20:09:03 INFO  AddnumDrawer:20 - sum :12
17-09-12 20:09:03 INFO  AddnumDrawer:20 - sum :12
17-09-12 20:09:03 INFO  AddnumDrawer:20 - sum :12
17-09-12 20:09:03 INFO  AddnumDrawer:20 - sum :12
17-09-12 20:09:03 INFO  AddnumDrawer:20 - sum :12
17-09-12 20:09:03 INFO  AddnumDrawer:20 - sum :12
17-09-12 20:09:03 INFO  AddnumDrawer:20 - sum :12
17-09-12 20:09:03 INFO  AddnumDrawer:20 - sum :12
17-09-12 20:09:03 INFO  AddnumDrawer:20 - sum :12
17-09-12 20:09:03 INFO  AddnumDrawer:20 - sum :12
17-09-12 20:09:03 INFO  AddnumDrawer:20 - sum :12
17-09-12 20:09:03 INFO  AddnumDrawer:20 - sum :12
17-09-12 20:09:03 INFO  AddnumDrawer:20 - sum :12
17-09-12 20:09:03 INFO  AddnumDrawer:20 - sum :12
17-09-12 20:09:03 INFO  AddnumDrawer:20 - sum :12
17-09-12 20:09:03 INFO  AddnumDrawer:20 - sum :12
17-09-12 20:09:03 INFO  AddnumDrawer:20 - sum :12
17-09-12 20:09:03 INFO  AddnumDrawer:20 - sum :12
17-09-12 20:09:03 INFO  AddnumDrawer:20 - sum :12
17-09-12 20:09:03 INFO  AddnumDrawer:20 - sum :12
17-09-12 20:09:03 INFO  AddnumDrawer:20 - sum :12
17-09-12 20:09:03 INFO  AddnumDrawer:20 - sum :12
17-09-12 20:09:03 INFO  AddnumDrawer:20 - sum :12
17-09-12 20:09:03 INFO  AddnumDrawer:20 - sum :12
17-09-12 20:09:03 INFO  AddnumDrawer:20 - sum :12
17-09-12 20:09:03 INFO  AddnumDrawer:20 - sum :12
17-09-12 20:09:03 INFO  AddnumDrawer:20 - sum :12
17-09-12 20:09:03 INFO  AddnumDrawer:20 - sum :12
17-09-12 20:09:03 INFO  AddnumDrawer:20 - sum :12
17-09-12 20:09:03 INFO  AddnumDrawer:20 - sum :12
17-09-12 20:09:03 INFO  AddnumDrawer:20 - sum :12
17-09-12 20:09:03 INFO  AddnumDrawer:20 - sum :12
17-09-12 20:09:03 INFO  AddnumDrawer:20 - sum :12
17-09-12 20:09:03 INFO  AddnumDrawer:20 - sum :12
17-09-12 20:09:03 INFO  AddnumDrawer:20 - sum :12
17-09-12 20:09:03 INFO  AddnumDrawer:20 - sum :12
17-09-12 20:09:03 INFO  AddnumDrawer:20 - sum :12
17-09-12 20:09:03 INFO  AddnumDrawer:20 - sum :12
17-09-12 20:09:03 INFO  AddnumDrawer:20 - sum :12
17-09-12 20:09:03 INFO  AddnumDrawer:20 - sum :12
17-09-12 20:09:03 INFO  AddnumDrawer:20 - sum :12
17-09-12 20:09:03 INFO  AddnumDrawer:20 - sum :12
17-09-12 20:09:03 INFO  AddnumDrawer:20 - sum :12
17-09-12 20:09:03 INFO  AddnumDrawer:20 - sum :12
17-09-12 20:09:03 INFO  AddnumDrawer:20 - sum :12
17-09-12 20:09:03 INFO  AddnumDrawer:20 - sum :12
17-09-12 20:09:03 INFO  AddnumDrawer:20 - sum :12
17-09-12 20:09:03 INFO  AddnumDrawer:20 - sum :12
17-09-12 20:09:03 INFO  AddnumDrawer:20 - sum :12
17-09-12 20:09:03 INFO  AddnumDrawer:20 - sum :12
17-09-12 20:09:03 INFO  AddnumDrawer:20 - sum :12
17-09-12 20:09:03 INFO  AddnumDrawer:20 - sum :12
17-09-12 20:09:03 INFO  AddnumDrawer:20 - sum :12
17-09-12 20:09:03 INFO  AddnumDrawer:20 - sum :12
17-09-12 20:09:03 INFO  AddnumDrawer:20 - sum :12
17-09-12 20:09:03 INFO  AddnumDrawer:20 - sum :12
17-09-12 20:09:03 INFO  AddnumDrawer:20 - sum :12
17-09-12 20:09:03 INFO  AddnumDrawer:20 - sum :12
17-09-12 20:09:03 INFO  AddnumDrawer:20 - sum :12
17-09-12 20:09:03 INFO  AddnumDrawer:20 - sum :12
17-09-12 20:09:03 INFO  AddnumDrawer:20 - sum :12
17-09-12 20:09:03 INFO  AddnumDrawer:20 - sum :12
17-09-12 20:09:03 INFO  AddnumDrawer:20 - sum :12
17-09-12 20:09:03 INFO  AddnumDrawer:20 - sum :12
17-09-12 20:09:03 INFO  AddnumDrawer:20 - sum :12
17-09-12 20:09:03 INFO  AddnumDrawer:20 - sum :12
17-09-12 20:09:03 INFO  AddnumDrawer:20 - sum :12
17-09-12 20:09:03 INFO  AddnumDrawer:20 - sum :12
17-09-12 20:09:03 INFO  AddnumDrawer:20 - sum :12
17-09-12 20:09:03 INFO  AddnumDrawer:20 - sum :12
17-09-12 20:09:03 INFO  AddnumDrawer:20 - sum :12
17-09-12 20:09:03 INFO  AddnumDrawer:20 - sum :12
17-09-12 20:09:03 INFO  AddnumDrawer:20 - sum :12
17-09-12 20:09:03 INFO  AddnumDrawer:20 - sum :12
17-09-12 20:09:04 INFO  AddnumDrawer:20 - sum :12
17-09-12 20:09:04 INFO  AddnumDrawer:20 - sum :12
17-09-12 20:09:04 INFO  AddnumDrawer:20 - sum :12
17-09-12 20:09:04 INFO  AddnumDrawer:20 - sum :12
17-09-12 20:09:04 INFO  AddnumDrawer:20 - sum :12
17-09-12 20:09:04 INFO  AddnumDrawer:20 - sum :12
17-09-12 20:09:04 INFO  AddnumDrawer:20 - sum :12
17-09-12 20:09:04 INFO  AddnumDrawer:20 - sum :12
17-09-12 20:09:04 INFO  AddnumDrawer:20 - sum :12
17-09-12 20:09:04 INFO  AddnumDrawer:20 - sum :12
17-09-12 20:09:04 INFO  AddnumDrawer:20 - sum :12
17-09-12 20:09:04 INFO  AddnumDrawer:20 - sum :12
17-09-12 20:09:04 INFO  AddnumDrawer:20 - sum :12
17-09-12 20:09:04 INFO  AddnumDrawer:20 - sum :12
17-09-12 20:09:04 INFO  AddnumDrawer:20 - sum :12
17-09-12 20:09:04 INFO  AddnumDrawer:20 - sum :12
17-09-12 20:09:04 INFO  AddnumDrawer:20 - sum :12
17-09-12 20:09:04 INFO  AddnumDrawer:20 - sum :12
17-09-12 20:09:04 INFO  AddnumDrawer:20 - sum :12
17-09-12 20:09:04 INFO  AddnumDrawer:20 - sum :12
17-09-12 20:09:04 INFO  AddnumDrawer:20 - sum :12
17-09-12 20:09:04 INFO  AddnumDrawer:20 - sum :12
17-09-12 20:09:04 INFO  AddnumDrawer:20 - sum :12
17-09-12 20:09:04 INFO  AddnumDrawer:20 - sum :12
17-09-12 20:09:04 INFO  AddnumDrawer:20 - sum :12
17-09-12 20:09:04 INFO  AddnumDrawer:20 - sum :12
17-09-12 20:09:04 INFO  AddnumDrawer:20 - sum :12
17-09-12 20:09:04 INFO  AddnumDrawer:20 - sum :12
17-09-12 20:09:04 INFO  AddnumDrawer:20 - sum :12
17-09-12 20:09:04 INFO  AddnumDrawer:20 - sum :12
17-09-12 20:09:04 INFO  AddnumDrawer:20 - sum :12
17-09-12 20:09:04 INFO  AddnumDrawer:20 - sum :12
17-09-12 20:09:04 INFO  AddnumDrawer:20 - sum :12
17-09-12 20:09:04 INFO  AddnumDrawer:20 - sum :12
17-09-12 20:09:04 INFO  AddnumDrawer:20 - sum :12
17-09-12 20:09:04 INFO  AddnumDrawer:20 - sum :12
17-09-12 20:09:04 INFO  AddnumDrawer:20 - sum :12
17-09-12 20:09:04 INFO  AddnumDrawer:20 - sum :12
17-09-12 20:09:04 INFO  AddnumDrawer:20 - sum :12
17-09-12 20:09:04 INFO  AddnumDrawer:20 - sum :12
17-09-12 20:09:04 INFO  AddnumDrawer:20 - sum :12
17-09-12 20:09:04 INFO  AddnumDrawer:20 - sum :12
17-09-12 20:09:04 INFO  AddnumDrawer:20 - sum :12
17-09-12 20:09:04 INFO  AddnumDrawer:20 - sum :12
17-09-12 20:09:04 INFO  AddnumDrawer:20 - sum :12
17-09-12 20:09:04 INFO  AddnumDrawer:20 - sum :12
17-09-12 20:09:04 INFO  AddnumDrawer:20 - sum :12
17-09-12 20:09:04 INFO  AddnumDrawer:20 - sum :12
17-09-12 20:09:04 INFO  AddnumDrawer:20 - sum :12
17-09-12 20:09:04 INFO  AddnumDrawer:20 - sum :12
17-09-12 20:09:04 INFO  AddnumDrawer:20 - sum :12
17-09-12 20:09:04 INFO  AddnumDrawer:20 - sum :12
17-09-12 20:09:04 INFO  AddnumDrawer:20 - sum :12
17-09-12 20:09:04 INFO  AddnumDrawer:20 - sum :12
17-09-12 20:09:04 INFO  AddnumDrawer:20 - sum :12
17-09-12 20:09:04 INFO  AddnumDrawer:20 - sum :12
17-09-12 20:09:04 INFO  AddnumDrawer:20 - sum :12
17-09-12 20:09:04 INFO  AddnumDrawer:20 - sum :12
17-09-12 20:09:04 INFO  AddnumDrawer:20 - sum :12
17-09-12 20:09:04 INFO  AddnumDrawer:20 - sum :12
17-09-12 20:09:04 INFO  AddnumDrawer:20 - sum :12
17-09-12 20:09:04 INFO  AddnumDrawer:20 - sum :12
17-09-12 20:09:04 INFO  AddnumDrawer:20 - sum :12
17-09-12 20:09:04 INFO  AddnumDrawer:20 - sum :12
17-09-12 20:09:04 INFO  AddnumDrawer:20 - sum :12
17-09-12 20:09:04 INFO  AddnumDrawer:20 - sum :12
17-09-12 20:09:04 INFO  AddnumDrawer:20 - sum :12
17-09-12 20:09:04 INFO  AddnumDrawer:20 - sum :12
17-09-12 20:09:04 INFO  AddnumDrawer:20 - sum :12
17-09-12 20:09:04 INFO  AddnumDrawer:20 - sum :12
17-09-12 20:09:04 INFO  AddnumDrawer:20 - sum :12
17-09-12 20:09:04 INFO  AddnumDrawer:20 - sum :12
17-09-12 20:09:04 INFO  AddnumDrawer:20 - sum :12
17-09-12 20:09:04 INFO  AddnumDrawer:20 - sum :12
17-09-12 20:09:04 INFO  AddnumDrawer:20 - sum :12
17-09-12 20:09:04 INFO  AddnumDrawer:20 - sum :12
17-09-12 20:09:04 INFO  AddnumDrawer:20 - sum :12
17-09-12 20:09:04 INFO  AddnumDrawer:20 - sum :12
17-09-12 20:09:04 INFO  AddnumDrawer:20 - sum :12
17-09-12 20:09:04 INFO  AddnumDrawer:20 - sum :12
17-09-12 20:09:04 INFO  AddnumDrawer:20 - sum :12
17-09-12 20:09:04 INFO  AddnumDrawer:20 - sum :12
17-09-12 20:09:04 INFO  AddnumDrawer:20 - sum :12
17-09-12 20:09:04 INFO  AddnumDrawer:20 - sum :12
17-09-12 20:09:04 INFO  AddnumDrawer:20 - sum :12
17-09-12 20:09:04 INFO  AddnumDrawer:20 - sum :12
17-09-12 20:09:04 INFO  AddnumDrawer:20 - sum :12
17-09-12 20:09:04 INFO  AddnumDrawer:20 - sum :12
17-09-12 20:09:05 INFO  AddnumDrawer:20 - sum :12
17-09-12 20:09:05 INFO  AddnumDrawer:20 - sum :12
17-09-12 20:09:05 INFO  AddnumDrawer:20 - sum :12
17-09-12 20:09:05 INFO  AddnumDrawer:20 - sum :12
17-09-12 20:09:05 INFO  AddnumDrawer:20 - sum :12
17-09-12 20:09:05 INFO  AddnumDrawer:20 - sum :12
17-09-12 20:09:05 INFO  AddnumDrawer:20 - sum :12
17-09-12 20:09:05 INFO  AddnumDrawer:20 - sum :12
17-09-12 20:09:05 INFO  AddnumDrawer:20 - sum :12
17-09-12 20:09:05 INFO  AddnumDrawer:20 - sum :12
17-09-12 20:09:05 INFO  AddnumDrawer:20 - sum :12
17-09-12 20:09:05 INFO  AddnumDrawer:20 - sum :12
17-09-12 20:09:05 INFO  AddnumDrawer:20 - sum :12
17-09-12 20:09:05 INFO  AddnumDrawer:20 - sum :12
17-09-12 20:09:05 INFO  AddnumDrawer:20 - sum :12
17-09-12 20:09:05 INFO  AddnumDrawer:20 - sum :12
17-09-12 20:09:05 INFO  AddnumDrawer:20 - sum :12
17-09-12 20:09:05 INFO  AddnumDrawer:20 - sum :12
17-09-12 20:09:05 INFO  AddnumDrawer:20 - sum :12
17-09-12 20:09:05 INFO  AddnumDrawer:20 - sum :12
17-09-12 20:09:05 INFO  AddnumDrawer:20 - sum :12
17-09-12 20:09:05 INFO  AddnumDrawer:20 - sum :12
17-09-12 20:09:05 INFO  AddnumDrawer:20 - sum :12
17-09-12 20:09:05 INFO  AddnumDrawer:20 - sum :12
17-09-12 20:09:05 INFO  AddnumDrawer:20 - sum :12
17-09-12 20:09:05 INFO  AddnumDrawer:20 - sum :12
17-09-12 20:09:05 INFO  AddnumDrawer:20 - sum :12
17-09-12 20:09:05 INFO  AddnumDrawer:20 - sum :12
17-09-12 20:09:05 INFO  AddnumDrawer:20 - sum :12
17-09-12 20:09:05 INFO  AddnumDrawer:20 - sum :12
17-09-12 20:09:05 INFO  AddnumDrawer:20 - sum :12
17-09-12 20:09:05 INFO  AddnumDrawer:20 - sum :12
17-09-12 20:09:05 INFO  AddnumDrawer:20 - sum :12
17-09-12 20:09:05 INFO  AddnumDrawer:20 - sum :12
17-09-12 20:09:05 INFO  AddnumDrawer:20 - sum :12
17-09-12 20:09:05 INFO  AddnumDrawer:20 - sum :12
17-09-12 20:09:05 INFO  AddnumDrawer:20 - sum :12
17-09-12 20:09:05 INFO  AddnumDrawer:20 - sum :12
17-09-12 20:09:05 INFO  AddnumDrawer:20 - sum :12
17-09-12 20:09:05 INFO  AddnumDrawer:20 - sum :12
17-09-12 20:09:05 INFO  AddnumDrawer:20 - sum :12
17-09-12 20:09:05 INFO  AddnumDrawer:20 - sum :12
17-09-12 20:09:05 INFO  AddnumDrawer:20 - sum :12
17-09-12 20:09:05 INFO  AddnumDrawer:20 - sum :12
17-09-12 20:09:05 INFO  AddnumDrawer:20 - sum :12
17-09-12 20:09:05 INFO  AddnumDrawer:20 - sum :12
17-09-12 20:09:05 INFO  AddnumDrawer:20 - sum :12
17-09-12 20:09:05 INFO  AddnumDrawer:20 - sum :12
17-09-12 20:09:05 INFO  AddnumDrawer:20 - sum :12
17-09-12 20:09:05 INFO  AddnumDrawer:20 - sum :12
17-09-12 20:09:05 INFO  AddnumDrawer:20 - sum :12
17-09-12 20:09:05 INFO  AddnumDrawer:20 - sum :12
17-09-12 20:09:05 INFO  AddnumDrawer:20 - sum :12
17-09-12 20:09:05 INFO  AddnumDrawer:20 - sum :12
17-09-12 20:09:05 INFO  AddnumDrawer:20 - sum :12
17-09-12 20:09:05 INFO  AddnumDrawer:20 - sum :12
17-09-12 20:09:05 INFO  AddnumDrawer:20 - sum :12
17-09-12 20:09:05 INFO  AddnumDrawer:20 - sum :12
17-09-12 20:09:05 INFO  AddnumDrawer:20 - sum :12
17-09-12 20:09:05 INFO  AddnumDrawer:20 - sum :12
17-09-12 20:16:02 DEBUG JLog:23 - JavaLoggingTest:sample debug
17-09-12 20:16:02 ERROR JLog:13 - JavaLoggingTest:sample error
17-09-12 20:16:02 INFO  JLog:18 - JavaLoggingTest:sample info
17-09-12 20:16:07 DEBUG JLog:23 - JavaLoggingTest:sample debug
17-09-12 20:16:07 ERROR JLog:13 - JavaLoggingTest:sample error
17-09-12 20:16:07 INFO  JLog:18 - JavaLoggingTest:sample info
17-09-12 20:16:41 DEBUG JLog:23 - JavaLoggingTest:sample debug
17-09-12 20:16:41 ERROR JLog:13 - JavaLoggingTest:sample error
17-09-12 20:16:41 INFO  JLog:18 - JavaLoggingTest:sample info
17-09-12 20:16:47 DEBUG JLog:23 - JavaLoggingTest:sample debug
17-09-12 20:16:47 ERROR JLog:13 - JavaLoggingTest:sample error
17-09-12 20:16:47 INFO  JLog:18 - JavaLoggingTest:sample info
